[2023-10-16 11:25:44] info: Directory created: D:\website_dev\Hindu_epaper\server\Hindu_Tamil\16-10-2023\HinduTamilThisai
[2023-10-16 11:25:44] info: PDF is less than 97MB, compressing using Adobe: Dharmapuri.pdf
[2023-10-16 11:26:14] info: Directory already exists: D:\website_dev\Hindu_epaper\server\Hindu_Tamil\16-10-2023\HinduTamilThisai
[2023-10-16 11:26:14] info: PDF is less than 97MB, compressing using Adobe: Chennai.pdf
[2023-10-16 11:35:30] info: Compressed PDF saved at: D:\website_dev\Hindu_epaper\server\Hindu_Tamil\16-10-2023\HinduTamilThisai/Chennai.pdf
[2023-10-16 11:35:30] info: -----------------------------------------------------
[2023-10-16 11:35:30] info: PDF is less than 97MB, compressing using Adobe: Coimbatore.pdf
[2023-10-16 11:45:36] error: Exception encountered while compressing D:\Exact_files\2023\October\16-10-2023\TAMILTH\Combined/Coimbatore.pdf: request timed out, 600 seconds expired
[2023-10-16 11:45:36] info: PDF is less than 97MB, compressing using Adobe: Dharmapuri.pdf
[2023-10-16 11:55:38] error: Exception encountered while compressing D:\Exact_files\2023\October\16-10-2023\TAMILTH\Combined/Dharmapuri.pdf: request timed out, 600 seconds expired
[2023-10-16 11:55:38] info: PDF is less than 97MB, compressing using Adobe: Kancheepuram.pdf
[2023-10-16 12:05:42] error: Exception encountered while compressing D:\Exact_files\2023\October\16-10-2023\TAMILTH\Combined/Kancheepuram.pdf: request timed out, 600 seconds expired
[2023-10-16 12:05:42] info: PDF is less than 97MB, compressing using Adobe: Madurai.pdf
[2023-10-16 12:15:36] info: Directory already exists: D:\website_dev\Hindu_epaper\server\Hindu_Tamil\16-10-2023\HinduTamilThisai
[2023-10-16 12:15:36] info: PDF is less than 97MB, compressing using Adobe: Coimbatore.pdf
[2023-10-16 12:50:00] info: Directory already exists: D:\website_dev\Hindu_epaper\server\Hindu_Tamil\16-10-2023\HinduTamilThisai
[2023-10-16 12:50:00] info: PDF is less than 97MB, compressing using Adobe: Coimbatore.pdf
[2023-10-16 13:02:31] info: Compressed PDF saved at: D:\website_dev\Hindu_epaper\server\Hindu_Tamil\16-10-2023\HinduTamilThisai/Coimbatore.pdf
[2023-10-16 13:02:31] info: -----------------------------------------------------
[2023-10-16 13:02:31] info: PDF is less than 97MB, compressing using Adobe: Dharmapuri.pdf
[2023-10-16 13:03:21] info: Compressed PDF saved at: D:\website_dev\Hindu_epaper\server\Hindu_Tamil\16-10-2023\HinduTamilThisai/Dharmapuri.pdf
[2023-10-16 13:03:21] info: -----------------------------------------------------
[2023-10-16 13:03:21] info: PDF is less than 97MB, compressing using Adobe: Kancheepuram.pdf
[2023-10-16 13:04:31] info: Compressed PDF saved at: D:\website_dev\Hindu_epaper\server\Hindu_Tamil\16-10-2023\HinduTamilThisai/Kancheepuram.pdf
[2023-10-16 13:04:31] info: -----------------------------------------------------
[2023-10-16 13:04:31] info: PDF is less than 97MB, compressing using Adobe: Madurai.pdf
[2023-10-16 13:17:54] error: Exception encountered while compressing D:\Exact_files\2023\October\16-10-2023\TAMILTH\Combined/Madurai.pdf: request timed out, 800 seconds expired
[2023-10-16 13:17:54] info: PDF is less than 97MB, compressing using Adobe: Puducherry.pdf
[2023-10-16 13:19:06] error: Exception encountered while compressing D:\Exact_files\2023\October\16-10-2023\TAMILTH\Combined/Puducherry.pdf: The provided token has expired.
[2023-10-16 13:19:06] info: PDF is less than 97MB, compressing using Adobe: Ramnad.pdf
[2023-10-16 13:32:29] error: Exception encountered while compressing D:\Exact_files\2023\October\16-10-2023\TAMILTH\Combined/Ramnad.pdf: request timed out, 800 seconds expired
[2023-10-16 13:32:29] info: PDF is less than 97MB, compressing using Adobe: Salem.pdf
[2023-10-16 13:45:54] error: Exception encountered while compressing D:\Exact_files\2023\October\16-10-2023\TAMILTH\Combined/Salem.pdf: request timed out, 800 seconds expired
[2023-10-16 13:45:54] info: PDF is less than 97MB, compressing using Adobe: Tanjavur.pdf
[2023-10-16 13:59:19] error: Exception encountered while compressing D:\Exact_files\2023\October\16-10-2023\TAMILTH\Combined/Tanjavur.pdf: request timed out, 800 seconds expired
[2023-10-16 13:59:19] info: PDF is less than 97MB, compressing using Adobe: Thiruvananthapuram.pdf
