[2023-10-03 12:00:23] info: Directory created: D:\website_dev\Hindu_epaper\server\Hindu_Tamil\03-10-2023\HinduTamilThisai
[2023-10-03 12:00:23] info: PDF is less than 97MB, compressing using Adobe: Chennai.pdf
[2023-10-03 12:01:32] error: Exception encountered while compressing D:\Exact_files\2023\October\03-10-2023\TAMILTH\Combined/Chennai.pdf: DOWNLOAD failed for documentIn with error: Unable to download file: Unable to Write to Redis
[2023-10-03 12:01:32] info: PDF is less than 97MB, compressing using Adobe: Coimbatore.pdf
[2023-10-03 12:02:25] info: Compressed PDF saved at: D:\website_dev\Hindu_epaper\server\Hindu_Tamil\03-10-2023\HinduTamilThisai/Coimbatore.pdf
[2023-10-03 12:02:25] info: -----------------------------------------------------
[2023-10-03 12:02:25] info: PDF is less than 97MB, compressing using Adobe: Dharmapuri.pdf
[2023-10-03 12:03:23] info: Compressed PDF saved at: D:\website_dev\Hindu_epaper\server\Hindu_Tamil\03-10-2023\HinduTamilThisai/Dharmapuri.pdf
[2023-10-03 12:03:23] info: -----------------------------------------------------
[2023-10-03 12:03:23] info: PDF is less than 97MB, compressing using Adobe: Kancheepuram.pdf
[2023-10-03 12:04:28] info: Compressed PDF saved at: D:\website_dev\Hindu_epaper\server\Hindu_Tamil\03-10-2023\HinduTamilThisai/Kancheepuram.pdf
[2023-10-03 12:04:28] info: -----------------------------------------------------
[2023-10-03 12:04:28] info: PDF is less than 97MB, compressing using Adobe: Madurai.pdf
[2023-10-03 12:05:28] info: Compressed PDF saved at: D:\website_dev\Hindu_epaper\server\Hindu_Tamil\03-10-2023\HinduTamilThisai/Madurai.pdf
[2023-10-03 12:05:28] info: -----------------------------------------------------
[2023-10-03 12:05:28] info: PDF is less than 97MB, compressing using Adobe: Puducherry.pdf
[2023-10-03 12:06:33] info: Compressed PDF saved at: D:\website_dev\Hindu_epaper\server\Hindu_Tamil\03-10-2023\HinduTamilThisai/Puducherry.pdf
[2023-10-03 12:06:33] info: -----------------------------------------------------
[2023-10-03 12:06:33] info: PDF is less than 97MB, compressing using Adobe: Ramnad.pdf
[2023-10-03 12:07:38] info: Compressed PDF saved at: D:\website_dev\Hindu_epaper\server\Hindu_Tamil\03-10-2023\HinduTamilThisai/Ramnad.pdf
[2023-10-03 12:07:38] info: -----------------------------------------------------
[2023-10-03 12:07:38] info: PDF is less than 97MB, compressing using Adobe: Salem.pdf
[2023-10-03 12:08:37] info: Compressed PDF saved at: D:\website_dev\Hindu_epaper\server\Hindu_Tamil\03-10-2023\HinduTamilThisai/Salem.pdf
[2023-10-03 12:08:37] info: -----------------------------------------------------
[2023-10-03 12:08:37] info: PDF is less than 97MB, compressing using Adobe: Tanjavur.pdf
[2023-10-03 12:09:52] error: Exception encountered while compressing D:\Exact_files\2023\October\03-10-2023\TAMILTH\Combined/Tanjavur.pdf: DOWNLOAD failed for documentIn with error: Unable to download file: Unable to Write to Redis
[2023-10-03 12:09:52] info: PDF is less than 97MB, compressing using Adobe: Thiruvananthapuram.pdf
[2023-10-03 12:10:58] info: Compressed PDF saved at: D:\website_dev\Hindu_epaper\server\Hindu_Tamil\03-10-2023\HinduTamilThisai/Thiruvananthapuram.pdf
[2023-10-03 12:10:58] info: -----------------------------------------------------
[2023-10-03 12:10:58] info: PDF is less than 97MB, compressing using Adobe: Tiruchirapalli.pdf
[2023-10-03 12:12:07] info: Compressed PDF saved at: D:\website_dev\Hindu_epaper\server\Hindu_Tamil\03-10-2023\HinduTamilThisai/Tiruchirapalli.pdf
[2023-10-03 12:12:07] info: -----------------------------------------------------
[2023-10-03 12:12:07] info: PDF is less than 97MB, compressing using Adobe: Tirunelveli.pdf
[2023-10-03 12:13:03] info: Compressed PDF saved at: D:\website_dev\Hindu_epaper\server\Hindu_Tamil\03-10-2023\HinduTamilThisai/Tirunelveli.pdf
[2023-10-03 12:13:03] info: -----------------------------------------------------
[2023-10-03 12:13:03] info: PDF is less than 97MB, compressing using Adobe: Tirupur.pdf
[2023-10-03 12:13:55] info: Compressed PDF saved at: D:\website_dev\Hindu_epaper\server\Hindu_Tamil\03-10-2023\HinduTamilThisai/Tirupur.pdf
[2023-10-03 12:13:55] info: -----------------------------------------------------
[2023-10-03 12:13:55] info: PDF is less than 97MB, compressing using Adobe: Vellore.pdf
[2023-10-03 12:15:02] info: Compressed PDF saved at: D:\website_dev\Hindu_epaper\server\Hindu_Tamil\03-10-2023\HinduTamilThisai/Vellore.pdf
[2023-10-03 12:15:02] info: -----------------------------------------------------
[2023-10-03 12:15:02] info: All files in D:\Exact_files\2023\October\03-10-2023\TAMILTH\Combined compressed and saved successfully to D:\website_dev\Hindu_epaper\server\Hindu_Tamil\03-10-2023\HinduTamilThisai
[2023-10-03 12:15:02] info: Input directory does not exist: D:\Exact_files\2023\October\03-10-2023\TAMTHAF_Combined
[2023-10-03 12:15:02] info: Input directory does not exist: D:\Exact_files\2023\October\03-10-2023\TAMTHEF_Combined
[2023-10-03 12:15:02] info: Input directory does not exist: D:\Exact_files\2023\October\03-10-2023\TAMTHEdition_combined
[2023-10-03 12:15:02] info: All folders processed successfully.
[2023-10-03 12:15:08] info: Uploaded Coimbatore.pdf to HinduTamilThisai in Azure Blob Storage.
[2023-10-03 12:15:14] info: Uploaded Dharmapuri.pdf to HinduTamilThisai in Azure Blob Storage.
[2023-10-03 12:15:26] info: Uploaded Kancheepuram.pdf to HinduTamilThisai in Azure Blob Storage.
[2023-10-03 12:15:33] info: Uploaded Madurai.pdf to HinduTamilThisai in Azure Blob Storage.
[2023-10-03 12:15:39] info: Uploaded Puducherry.pdf to HinduTamilThisai in Azure Blob Storage.
[2023-10-03 12:15:45] info: Uploaded Ramnad.pdf to HinduTamilThisai in Azure Blob Storage.
[2023-10-03 12:15:51] info: Uploaded Salem.pdf to HinduTamilThisai in Azure Blob Storage.
[2023-10-03 12:15:58] info: Uploaded Thiruvananthapuram.pdf to HinduTamilThisai in Azure Blob Storage.
[2023-10-03 12:16:06] info: Uploaded Tiruchirapalli.pdf to HinduTamilThisai in Azure Blob Storage.
[2023-10-03 12:16:14] info: Uploaded Tirunelveli.pdf to HinduTamilThisai in Azure Blob Storage.
[2023-10-03 12:16:18] info: Uploaded Tirupur.pdf to HinduTamilThisai in Azure Blob Storage.
[2023-10-03 12:16:25] info: Uploaded Vellore.pdf to HinduTamilThisai in Azure Blob Storage.
[2023-10-03 12:16:25] info: Output directory does not exist: D:\website_dev\Hindu_epaper\server\Hindu_Tamil\03-10-2023\Supplementary
[2023-10-03 12:16:25] info: Output directory does not exist: D:\website_dev\Hindu_epaper\server\Hindu_Tamil\03-10-2023\SupplementaryOne
[2023-10-03 12:16:25] info: Output directory does not exist: D:\website_dev\Hindu_epaper\server\Hindu_Tamil\03-10-2023\NewEdition
[2023-10-03 12:16:25] info: All PDFs uploaded to Azure Blob Storage.
[2023-10-03 12:16:25] info: Uploaded File URL: https://stgvetrikkodi.blob.core.windows.net/vetrikkodi/HindutamilTesting/03-10-2023/HinduTamilThisai/Coimbatore.pdf
[2023-10-03 12:16:25] info: Uploaded File URL: https://stgvetrikkodi.blob.core.windows.net/vetrikkodi/HindutamilTesting/03-10-2023/HinduTamilThisai/Dharmapuri.pdf
[2023-10-03 12:16:25] info: Uploaded File URL: https://stgvetrikkodi.blob.core.windows.net/vetrikkodi/HindutamilTesting/03-10-2023/HinduTamilThisai/Kancheepuram.pdf
[2023-10-03 12:16:25] info: Uploaded File URL: https://stgvetrikkodi.blob.core.windows.net/vetrikkodi/HindutamilTesting/03-10-2023/HinduTamilThisai/Madurai.pdf
[2023-10-03 12:16:25] info: Uploaded File URL: https://stgvetrikkodi.blob.core.windows.net/vetrikkodi/HindutamilTesting/03-10-2023/HinduTamilThisai/Puducherry.pdf
[2023-10-03 12:16:25] info: Uploaded File URL: https://stgvetrikkodi.blob.core.windows.net/vetrikkodi/HindutamilTesting/03-10-2023/HinduTamilThisai/Ramnad.pdf
[2023-10-03 12:16:25] info: Uploaded File URL: https://stgvetrikkodi.blob.core.windows.net/vetrikkodi/HindutamilTesting/03-10-2023/HinduTamilThisai/Salem.pdf
[2023-10-03 12:16:25] info: Uploaded File URL: https://stgvetrikkodi.blob.core.windows.net/vetrikkodi/HindutamilTesting/03-10-2023/HinduTamilThisai/Thiruvananthapuram.pdf
[2023-10-03 12:16:25] info: Uploaded File URL: https://stgvetrikkodi.blob.core.windows.net/vetrikkodi/HindutamilTesting/03-10-2023/HinduTamilThisai/Tiruchirapalli.pdf
[2023-10-03 12:16:25] info: Uploaded File URL: https://stgvetrikkodi.blob.core.windows.net/vetrikkodi/HindutamilTesting/03-10-2023/HinduTamilThisai/Tirunelveli.pdf
[2023-10-03 12:16:25] info: Uploaded File URL: https://stgvetrikkodi.blob.core.windows.net/vetrikkodi/HindutamilTesting/03-10-2023/HinduTamilThisai/Tirupur.pdf
[2023-10-03 12:16:25] info: Uploaded File URL: https://stgvetrikkodi.blob.core.windows.net/vetrikkodi/HindutamilTesting/03-10-2023/HinduTamilThisai/Vellore.pdf
