[2023-10-09 11:00:51] info: Directory created: D:\website_dev\Hindu_epaper\server\Hindu_Tamil\09-10-2023\HinduTamilThisai
[2023-10-09 11:00:51] info: PDF is less than 97MB, compressing using Adobe: Chennai.pdf
[2023-10-09 11:01:44] info: Compressed PDF saved at: D:\website_dev\Hindu_epaper\server\Hindu_Tamil\09-10-2023\HinduTamilThisai/Chennai.pdf
[2023-10-09 11:01:44] info: -----------------------------------------------------
[2023-10-09 11:01:44] info: PDF is less than 97MB, compressing using Adobe: Coimbatore.pdf
[2023-10-09 11:02:24] info: Compressed PDF saved at: D:\website_dev\Hindu_epaper\server\Hindu_Tamil\09-10-2023\HinduTamilThisai/Coimbatore.pdf
[2023-10-09 11:02:24] info: -----------------------------------------------------
[2023-10-09 11:02:24] info: PDF is less than 97MB, compressing using Adobe: Dharmapuri.pdf
[2023-10-09 11:03:06] info: Compressed PDF saved at: D:\website_dev\Hindu_epaper\server\Hindu_Tamil\09-10-2023\HinduTamilThisai/Dharmapuri.pdf
[2023-10-09 11:03:06] info: -----------------------------------------------------
[2023-10-09 11:03:06] info: PDF is less than 97MB, compressing using Adobe: Kancheepuram.pdf
[2023-10-09 11:03:54] info: Compressed PDF saved at: D:\website_dev\Hindu_epaper\server\Hindu_Tamil\09-10-2023\HinduTamilThisai/Kancheepuram.pdf
[2023-10-09 11:03:54] info: -----------------------------------------------------
[2023-10-09 11:03:54] info: PDF is less than 97MB, compressing using Adobe: Madurai.pdf
[2023-10-09 11:04:37] info: Compressed PDF saved at: D:\website_dev\Hindu_epaper\server\Hindu_Tamil\09-10-2023\HinduTamilThisai/Madurai.pdf
[2023-10-09 11:04:37] info: -----------------------------------------------------
[2023-10-09 11:04:37] info: PDF is less than 97MB, compressing using Adobe: Puducherry.pdf
[2023-10-09 11:05:25] info: Compressed PDF saved at: D:\website_dev\Hindu_epaper\server\Hindu_Tamil\09-10-2023\HinduTamilThisai/Puducherry.pdf
[2023-10-09 11:05:25] info: -----------------------------------------------------
[2023-10-09 11:05:25] info: PDF is less than 97MB, compressing using Adobe: Ramnad.pdf
[2023-10-09 11:06:17] info: Compressed PDF saved at: D:\website_dev\Hindu_epaper\server\Hindu_Tamil\09-10-2023\HinduTamilThisai/Ramnad.pdf
[2023-10-09 11:06:17] info: -----------------------------------------------------
[2023-10-09 11:06:17] info: PDF is less than 97MB, compressing using Adobe: Salem.pdf
[2023-10-09 11:07:24] info: Compressed PDF saved at: D:\website_dev\Hindu_epaper\server\Hindu_Tamil\09-10-2023\HinduTamilThisai/Salem.pdf
[2023-10-09 11:07:24] info: -----------------------------------------------------
[2023-10-09 11:07:24] info: PDF is less than 97MB, compressing using Adobe: Tanjavur.pdf
[2023-10-09 11:08:11] info: Compressed PDF saved at: D:\website_dev\Hindu_epaper\server\Hindu_Tamil\09-10-2023\HinduTamilThisai/Tanjavur.pdf
[2023-10-09 11:08:11] info: -----------------------------------------------------
[2023-10-09 11:08:11] info: PDF is less than 97MB, compressing using Adobe: Thiruvananthapuram.pdf
[2023-10-09 11:09:01] info: Compressed PDF saved at: D:\website_dev\Hindu_epaper\server\Hindu_Tamil\09-10-2023\HinduTamilThisai/Thiruvananthapuram.pdf
[2023-10-09 11:09:01] info: -----------------------------------------------------
[2023-10-09 11:09:01] info: PDF is less than 97MB, compressing using Adobe: Tiruchirapalli.pdf
[2023-10-09 11:09:51] info: Compressed PDF saved at: D:\website_dev\Hindu_epaper\server\Hindu_Tamil\09-10-2023\HinduTamilThisai/Tiruchirapalli.pdf
[2023-10-09 11:09:51] info: -----------------------------------------------------
[2023-10-09 11:09:51] info: PDF is less than 97MB, compressing using Adobe: Tirunelveli.pdf
[2023-10-09 11:10:44] info: Compressed PDF saved at: D:\website_dev\Hindu_epaper\server\Hindu_Tamil\09-10-2023\HinduTamilThisai/Tirunelveli.pdf
[2023-10-09 11:10:44] info: -----------------------------------------------------
[2023-10-09 11:10:44] info: PDF is less than 97MB, compressing using Adobe: Tirupur.pdf
[2023-10-09 11:11:36] info: Compressed PDF saved at: D:\website_dev\Hindu_epaper\server\Hindu_Tamil\09-10-2023\HinduTamilThisai/Tirupur.pdf
[2023-10-09 11:11:36] info: -----------------------------------------------------
[2023-10-09 11:11:36] info: PDF is less than 97MB, compressing using Adobe: Vellore.pdf
[2023-10-09 11:12:29] info: Compressed PDF saved at: D:\website_dev\Hindu_epaper\server\Hindu_Tamil\09-10-2023\HinduTamilThisai/Vellore.pdf
[2023-10-09 11:12:29] info: -----------------------------------------------------
[2023-10-09 11:12:29] info: All files in D:\Exact_files\2023\October\09-10-2023\TAMILTH\Combined compressed and saved successfully to D:\website_dev\Hindu_epaper\server\Hindu_Tamil\09-10-2023\HinduTamilThisai
[2023-10-09 11:12:29] info: Input directory does not exist: D:\Exact_files\2023\October\09-10-2023\TAMTHAF_Combined
[2023-10-09 11:12:29] info: Input directory does not exist: D:\Exact_files\2023\October\09-10-2023\TAMTHEF_Combined
[2023-10-09 11:12:29] info: Input directory does not exist: D:\Exact_files\2023\October\09-10-2023\TAMTHEdition_combined
[2023-10-09 11:12:29] info: All folders processed successfully.
[2023-10-09 11:12:34] info: Uploaded Chennai.pdf to HinduTamilThisai in Azure Blob Storage.
[2023-10-09 11:12:40] info: Uploaded Coimbatore.pdf to HinduTamilThisai in Azure Blob Storage.
[2023-10-09 11:12:45] info: Uploaded Dharmapuri.pdf to HinduTamilThisai in Azure Blob Storage.
[2023-10-09 11:12:51] info: Uploaded Kancheepuram.pdf to HinduTamilThisai in Azure Blob Storage.
[2023-10-09 11:12:55] info: Uploaded Madurai.pdf to HinduTamilThisai in Azure Blob Storage.
[2023-10-09 11:12:57] info: Uploaded Puducherry.pdf to HinduTamilThisai in Azure Blob Storage.
[2023-10-09 11:13:00] info: Uploaded Ramnad.pdf to HinduTamilThisai in Azure Blob Storage.
[2023-10-09 11:13:03] info: Uploaded Salem.pdf to HinduTamilThisai in Azure Blob Storage.
[2023-10-09 11:13:07] info: Uploaded Tanjavur.pdf to HinduTamilThisai in Azure Blob Storage.
[2023-10-09 11:13:11] info: Uploaded Thiruvananthapuram.pdf to HinduTamilThisai in Azure Blob Storage.
[2023-10-09 11:13:15] info: Uploaded Tiruchirapalli.pdf to HinduTamilThisai in Azure Blob Storage.
[2023-10-09 11:13:19] info: Uploaded Tirunelveli.pdf to HinduTamilThisai in Azure Blob Storage.
[2023-10-09 11:13:21] info: Uploaded Tirupur.pdf to HinduTamilThisai in Azure Blob Storage.
[2023-10-09 11:13:23] info: Uploaded Vellore.pdf to HinduTamilThisai in Azure Blob Storage.
[2023-10-09 11:13:23] info: Output directory does not exist: D:\website_dev\Hindu_epaper\server\Hindu_Tamil\09-10-2023\Supplementary
[2023-10-09 11:13:23] info: Output directory does not exist: D:\website_dev\Hindu_epaper\server\Hindu_Tamil\09-10-2023\SupplementaryOne
[2023-10-09 11:13:23] info: Output directory does not exist: D:\website_dev\Hindu_epaper\server\Hindu_Tamil\09-10-2023\NewEdition
[2023-10-09 11:13:23] info: All PDFs uploaded to Azure Blob Storage.
[2023-10-09 11:13:23] info: Uploaded File URL: https://stgvetrikkodi.blob.core.windows.net/vetrikkodi/HindutamilTesting/09-10-2023/HinduTamilThisai/Chennai.pdf
[2023-10-09 11:13:23] info: Uploaded File URL: https://stgvetrikkodi.blob.core.windows.net/vetrikkodi/HindutamilTesting/09-10-2023/HinduTamilThisai/Coimbatore.pdf
[2023-10-09 11:13:23] info: Uploaded File URL: https://stgvetrikkodi.blob.core.windows.net/vetrikkodi/HindutamilTesting/09-10-2023/HinduTamilThisai/Dharmapuri.pdf
[2023-10-09 11:13:23] info: Uploaded File URL: https://stgvetrikkodi.blob.core.windows.net/vetrikkodi/HindutamilTesting/09-10-2023/HinduTamilThisai/Kancheepuram.pdf
[2023-10-09 11:13:23] info: Uploaded File URL: https://stgvetrikkodi.blob.core.windows.net/vetrikkodi/HindutamilTesting/09-10-2023/HinduTamilThisai/Madurai.pdf
[2023-10-09 11:13:23] info: Uploaded File URL: https://stgvetrikkodi.blob.core.windows.net/vetrikkodi/HindutamilTesting/09-10-2023/HinduTamilThisai/Puducherry.pdf
[2023-10-09 11:13:23] info: Uploaded File URL: https://stgvetrikkodi.blob.core.windows.net/vetrikkodi/HindutamilTesting/09-10-2023/HinduTamilThisai/Ramnad.pdf
[2023-10-09 11:13:23] info: Uploaded File URL: https://stgvetrikkodi.blob.core.windows.net/vetrikkodi/HindutamilTesting/09-10-2023/HinduTamilThisai/Salem.pdf
[2023-10-09 11:13:23] info: Uploaded File URL: https://stgvetrikkodi.blob.core.windows.net/vetrikkodi/HindutamilTesting/09-10-2023/HinduTamilThisai/Tanjavur.pdf
[2023-10-09 11:13:23] info: Uploaded File URL: https://stgvetrikkodi.blob.core.windows.net/vetrikkodi/HindutamilTesting/09-10-2023/HinduTamilThisai/Thiruvananthapuram.pdf
[2023-10-09 11:13:23] info: Uploaded File URL: https://stgvetrikkodi.blob.core.windows.net/vetrikkodi/HindutamilTesting/09-10-2023/HinduTamilThisai/Tiruchirapalli.pdf
[2023-10-09 11:13:23] info: Uploaded File URL: https://stgvetrikkodi.blob.core.windows.net/vetrikkodi/HindutamilTesting/09-10-2023/HinduTamilThisai/Tirunelveli.pdf
[2023-10-09 11:13:23] info: Uploaded File URL: https://stgvetrikkodi.blob.core.windows.net/vetrikkodi/HindutamilTesting/09-10-2023/HinduTamilThisai/Tirupur.pdf
[2023-10-09 11:13:23] info: Uploaded File URL: https://stgvetrikkodi.blob.core.windows.net/vetrikkodi/HindutamilTesting/09-10-2023/HinduTamilThisai/Vellore.pdf
