[2023-10-25 10:48:09] info: Input directory does not exist: D:\Exact_files\2023\October\25-10-2023\TAMILTH\Combined
[2023-10-25 10:48:09] info: Input directory does not exist: D:\Exact_files\2023\October\25-10-2023\TAMTHAF_Combined
[2023-10-25 10:48:09] info: Input directory does not exist: D:\Exact_files\2023\October\25-10-2023\TAMTHEF_Combined
[2023-10-25 10:48:09] info: Input directory does not exist: D:\Exact_files\2023\October\25-10-2023\TAMTHEdition_combined
[2023-10-25 10:48:09] info: All folders processed successfully.
[2023-10-25 10:48:10] info: Output directory does not exist: D:\website_dev\Hindu_epaper\server\Hindu_Tamil\25-10-2023\HinduTamilThisai
[2023-10-25 10:48:10] info: Output directory does not exist: D:\website_dev\Hindu_epaper\server\Hindu_Tamil\25-10-2023\Supplementary
[2023-10-25 10:48:10] info: Output directory does not exist: D:\website_dev\Hindu_epaper\server\Hindu_Tamil\25-10-2023\SupplementaryOne
[2023-10-25 10:48:10] info: Output directory does not exist: D:\website_dev\Hindu_epaper\server\Hindu_Tamil\25-10-2023\NewEdition
[2023-10-25 10:48:10] info: All PDFs uploaded to Azure Blob Storage.
[2023-10-25 11:05:17] info: Directory created: D:\website_dev\Hindu_epaper\server\Hindu_Tamil\25-10-2023\HinduTamilThisai
[2023-10-25 11:05:17] info: PDF is less than 97MB, compressing using Adobe: Chennai.pdf
[2023-10-25 11:06:37] info: Compressed PDF saved at: D:\website_dev\Hindu_epaper\server\Hindu_Tamil\25-10-2023\HinduTamilThisai/Chennai.pdf
[2023-10-25 11:06:37] info: -----------------------------------------------------
[2023-10-25 11:06:37] info: PDF is less than 97MB, compressing using Adobe: Coimbatore.pdf
[2023-10-25 11:07:39] info: Compressed PDF saved at: D:\website_dev\Hindu_epaper\server\Hindu_Tamil\25-10-2023\HinduTamilThisai/Coimbatore.pdf
[2023-10-25 11:07:39] info: -----------------------------------------------------
[2023-10-25 11:07:39] info: PDF is less than 97MB, compressing using Adobe: Dharmapuri.pdf
[2023-10-25 11:08:56] info: Compressed PDF saved at: D:\website_dev\Hindu_epaper\server\Hindu_Tamil\25-10-2023\HinduTamilThisai/Dharmapuri.pdf
[2023-10-25 11:08:56] info: -----------------------------------------------------
[2023-10-25 11:08:56] info: PDF is less than 97MB, compressing using Adobe: Kancheepuram.pdf
[2023-10-25 11:10:19] info: Compressed PDF saved at: D:\website_dev\Hindu_epaper\server\Hindu_Tamil\25-10-2023\HinduTamilThisai/Kancheepuram.pdf
[2023-10-25 11:10:19] info: -----------------------------------------------------
[2023-10-25 11:10:19] info: PDF is less than 97MB, compressing using Adobe: Madurai.pdf
[2023-10-25 11:11:39] info: Compressed PDF saved at: D:\website_dev\Hindu_epaper\server\Hindu_Tamil\25-10-2023\HinduTamilThisai/Madurai.pdf
[2023-10-25 11:11:39] info: -----------------------------------------------------
[2023-10-25 11:11:39] info: PDF is less than 97MB, compressing using Adobe: Puducherry.pdf
[2023-10-25 11:13:07] info: Compressed PDF saved at: D:\website_dev\Hindu_epaper\server\Hindu_Tamil\25-10-2023\HinduTamilThisai/Puducherry.pdf
[2023-10-25 11:13:07] info: -----------------------------------------------------
[2023-10-25 11:13:07] info: PDF is less than 97MB, compressing using Adobe: Ramnad.pdf
[2023-10-25 11:14:42] info: Compressed PDF saved at: D:\website_dev\Hindu_epaper\server\Hindu_Tamil\25-10-2023\HinduTamilThisai/Ramnad.pdf
[2023-10-25 11:14:42] info: -----------------------------------------------------
[2023-10-25 11:14:42] info: PDF is less than 97MB, compressing using Adobe: Salem.pdf
[2023-10-25 11:16:18] info: Compressed PDF saved at: D:\website_dev\Hindu_epaper\server\Hindu_Tamil\25-10-2023\HinduTamilThisai/Salem.pdf
[2023-10-25 11:16:18] info: -----------------------------------------------------
[2023-10-25 11:16:18] info: PDF is less than 97MB, compressing using Adobe: Tanjavur.pdf
[2023-10-25 11:18:40] info: Compressed PDF saved at: D:\website_dev\Hindu_epaper\server\Hindu_Tamil\25-10-2023\HinduTamilThisai/Tanjavur.pdf
[2023-10-25 11:18:40] info: -----------------------------------------------------
[2023-10-25 11:18:40] info: PDF is less than 97MB, compressing using Adobe: Thiruvananthapuram.pdf
[2023-10-25 11:21:11] info: Compressed PDF saved at: D:\website_dev\Hindu_epaper\server\Hindu_Tamil\25-10-2023\HinduTamilThisai/Thiruvananthapuram.pdf
[2023-10-25 11:21:11] info: -----------------------------------------------------
[2023-10-25 11:21:11] info: PDF is less than 97MB, compressing using Adobe: Tiruchirapalli.pdf
[2023-10-25 11:22:19] info: Compressed PDF saved at: D:\website_dev\Hindu_epaper\server\Hindu_Tamil\25-10-2023\HinduTamilThisai/Tiruchirapalli.pdf
[2023-10-25 11:22:19] info: -----------------------------------------------------
[2023-10-25 11:22:19] info: PDF is less than 97MB, compressing using Adobe: Tirunelveli.pdf
[2023-10-25 11:23:43] info: Compressed PDF saved at: D:\website_dev\Hindu_epaper\server\Hindu_Tamil\25-10-2023\HinduTamilThisai/Tirunelveli.pdf
[2023-10-25 11:23:43] info: -----------------------------------------------------
[2023-10-25 11:23:43] info: PDF is less than 97MB, compressing using Adobe: Tirupur.pdf
[2023-10-25 11:25:17] info: Compressed PDF saved at: D:\website_dev\Hindu_epaper\server\Hindu_Tamil\25-10-2023\HinduTamilThisai/Tirupur.pdf
[2023-10-25 11:25:17] info: -----------------------------------------------------
[2023-10-25 11:25:17] info: PDF is less than 97MB, compressing using Adobe: Vellore.pdf
[2023-10-25 11:26:40] info: Compressed PDF saved at: D:\website_dev\Hindu_epaper\server\Hindu_Tamil\25-10-2023\HinduTamilThisai/Vellore.pdf
[2023-10-25 11:26:40] info: -----------------------------------------------------
[2023-10-25 11:26:40] info: All files in D:\Exact_files\2023\October\25-10-2023\TAMILTH\Combined compressed and saved successfully to D:\website_dev\Hindu_epaper\server\Hindu_Tamil\25-10-2023\HinduTamilThisai
[2023-10-25 11:26:40] info: Input directory does not exist: D:\Exact_files\2023\October\25-10-2023\TAMTHAF_Combined
[2023-10-25 11:26:40] info: Input directory does not exist: D:\Exact_files\2023\October\25-10-2023\TAMTHEF_Combined
[2023-10-25 11:26:40] info: Input directory does not exist: D:\Exact_files\2023\October\25-10-2023\TAMTHEdition_combined
[2023-10-25 11:26:40] info: All folders processed successfully.
[2023-10-25 11:26:44] info: Uploaded Chennai.pdf to HinduTamilThisai in Azure Blob Storage.
[2023-10-25 11:26:47] info: Uploaded Coimbatore.pdf to HinduTamilThisai in Azure Blob Storage.
[2023-10-25 11:26:49] info: Uploaded Dharmapuri.pdf to HinduTamilThisai in Azure Blob Storage.
[2023-10-25 11:26:52] info: Uploaded Kancheepuram.pdf to HinduTamilThisai in Azure Blob Storage.
[2023-10-25 11:26:56] info: Uploaded Madurai.pdf to HinduTamilThisai in Azure Blob Storage.
[2023-10-25 11:26:59] info: Uploaded Puducherry.pdf to HinduTamilThisai in Azure Blob Storage.
[2023-10-25 11:27:02] info: Uploaded Ramnad.pdf to HinduTamilThisai in Azure Blob Storage.
[2023-10-25 11:27:04] info: Uploaded Salem.pdf to HinduTamilThisai in Azure Blob Storage.
[2023-10-25 11:27:07] info: Uploaded Tanjavur.pdf to HinduTamilThisai in Azure Blob Storage.
[2023-10-25 11:27:09] info: Uploaded Thiruvananthapuram.pdf to HinduTamilThisai in Azure Blob Storage.
[2023-10-25 11:27:12] info: Uploaded Tiruchirapalli.pdf to HinduTamilThisai in Azure Blob Storage.
[2023-10-25 11:27:14] info: Uploaded Tirunelveli.pdf to HinduTamilThisai in Azure Blob Storage.
[2023-10-25 11:27:16] info: Uploaded Tirupur.pdf to HinduTamilThisai in Azure Blob Storage.
[2023-10-25 11:27:18] info: Uploaded Vellore.pdf to HinduTamilThisai in Azure Blob Storage.
[2023-10-25 11:27:18] info: Output directory does not exist: D:\website_dev\Hindu_epaper\server\Hindu_Tamil\25-10-2023\Supplementary
[2023-10-25 11:27:18] info: Output directory does not exist: D:\website_dev\Hindu_epaper\server\Hindu_Tamil\25-10-2023\SupplementaryOne
[2023-10-25 11:27:18] info: Output directory does not exist: D:\website_dev\Hindu_epaper\server\Hindu_Tamil\25-10-2023\NewEdition
[2023-10-25 11:27:18] info: All PDFs uploaded to Azure Blob Storage.
[2023-10-25 11:27:18] info: Uploaded File URL: https://stgvetrikkodi.blob.core.windows.net/vetrikkodi/HindutamilTesting/25-10-2023/HinduTamilThisai/Chennai.pdf
[2023-10-25 11:27:18] info: Uploaded File URL: https://stgvetrikkodi.blob.core.windows.net/vetrikkodi/HindutamilTesting/25-10-2023/HinduTamilThisai/Coimbatore.pdf
[2023-10-25 11:27:18] info: Uploaded File URL: https://stgvetrikkodi.blob.core.windows.net/vetrikkodi/HindutamilTesting/25-10-2023/HinduTamilThisai/Dharmapuri.pdf
[2023-10-25 11:27:18] info: Uploaded File URL: https://stgvetrikkodi.blob.core.windows.net/vetrikkodi/HindutamilTesting/25-10-2023/HinduTamilThisai/Kancheepuram.pdf
[2023-10-25 11:27:18] info: Uploaded File URL: https://stgvetrikkodi.blob.core.windows.net/vetrikkodi/HindutamilTesting/25-10-2023/HinduTamilThisai/Madurai.pdf
[2023-10-25 11:27:18] info: Uploaded File URL: https://stgvetrikkodi.blob.core.windows.net/vetrikkodi/HindutamilTesting/25-10-2023/HinduTamilThisai/Puducherry.pdf
[2023-10-25 11:27:18] info: Uploaded File URL: https://stgvetrikkodi.blob.core.windows.net/vetrikkodi/HindutamilTesting/25-10-2023/HinduTamilThisai/Ramnad.pdf
[2023-10-25 11:27:18] info: Uploaded File URL: https://stgvetrikkodi.blob.core.windows.net/vetrikkodi/HindutamilTesting/25-10-2023/HinduTamilThisai/Salem.pdf
[2023-10-25 11:27:18] info: Uploaded File URL: https://stgvetrikkodi.blob.core.windows.net/vetrikkodi/HindutamilTesting/25-10-2023/HinduTamilThisai/Tanjavur.pdf
[2023-10-25 11:27:18] info: Uploaded File URL: https://stgvetrikkodi.blob.core.windows.net/vetrikkodi/HindutamilTesting/25-10-2023/HinduTamilThisai/Thiruvananthapuram.pdf
[2023-10-25 11:27:18] info: Uploaded File URL: https://stgvetrikkodi.blob.core.windows.net/vetrikkodi/HindutamilTesting/25-10-2023/HinduTamilThisai/Tiruchirapalli.pdf
[2023-10-25 11:27:18] info: Uploaded File URL: https://stgvetrikkodi.blob.core.windows.net/vetrikkodi/HindutamilTesting/25-10-2023/HinduTamilThisai/Tirunelveli.pdf
[2023-10-25 11:27:18] info: Uploaded File URL: https://stgvetrikkodi.blob.core.windows.net/vetrikkodi/HindutamilTesting/25-10-2023/HinduTamilThisai/Tirupur.pdf
[2023-10-25 11:27:18] info: Uploaded File URL: https://stgvetrikkodi.blob.core.windows.net/vetrikkodi/HindutamilTesting/25-10-2023/HinduTamilThisai/Vellore.pdf
