[2023-11-03 10:18:33] info: Input directory does not exist: D:\Exact_files\2023\November\28-10-2023\TAMILTH\Combined
[2023-11-03 10:18:33] info: Input directory does not exist: D:\Exact_files\2023\November\28-10-2023\TAMTHAF_Combined
[2023-11-03 10:18:33] info: Input directory does not exist: D:\Exact_files\2023\November\28-10-2023\TAMTHEF_Combined
[2023-11-03 10:18:33] info: Input directory does not exist: D:\Exact_files\2023\November\28-10-2023\TAMTHEdition_combined
[2023-11-03 10:18:33] info: All folders processed successfully.
[2023-11-03 10:18:40] info: Uploaded Chennai.pdf to HinduTamilThisai in Azure Blob Storage.
[2023-11-03 10:18:43] info: Uploaded Coimbatore.pdf to HinduTamilThisai in Azure Blob Storage.
[2023-11-03 10:18:46] info: Uploaded Dharmapuri.pdf to HinduTamilThisai in Azure Blob Storage.
[2023-11-03 10:18:51] info: Uploaded Kancheepuram.pdf to HinduTamilThisai in Azure Blob Storage.
[2023-11-03 10:18:54] info: Uploaded Madurai.pdf to HinduTamilThisai in Azure Blob Storage.
[2023-11-03 10:20:29] info: Input directory does not exist: D:\Exact_files\2023\November\28-10-2023\TAMILTH\Combined
[2023-11-03 10:20:29] info: Input directory does not exist: D:\Exact_files\2023\November\28-10-2023\TAMTHAF_Combined
[2023-11-03 10:20:29] info: Input directory does not exist: D:\Exact_files\2023\November\28-10-2023\TAMTHEF_Combined
[2023-11-03 10:20:29] info: Input directory does not exist: D:\Exact_files\2023\November\28-10-2023\TAMTHEdition_combined
[2023-11-03 10:20:29] info: All folders processed successfully.
[2023-11-03 10:20:34] info: Uploaded Chennai.pdf to HinduTamilThisai in Azure Blob Storage.
[2023-11-03 10:20:36] info: Uploaded Coimbatore.pdf to HinduTamilThisai in Azure Blob Storage.
[2023-11-03 10:20:39] info: Uploaded Dharmapuri.pdf to HinduTamilThisai in Azure Blob Storage.
[2023-11-03 10:20:43] info: Uploaded Kancheepuram.pdf to HinduTamilThisai in Azure Blob Storage.
[2023-11-03 10:20:46] info: Uploaded Madurai.pdf to HinduTamilThisai in Azure Blob Storage.
[2023-11-03 10:21:38] info: Directory created: D:\website_dev\Hindu_epaper\server\Hindu_Tamil\03-11-2023\HinduTamilThisai
[2023-11-03 10:21:38] info: PDF is less than 97MB, compressing using Adobe: Chennai.pdf
[2023-11-03 10:23:15] info: Compressed PDF saved at: D:\website_dev\Hindu_epaper\server\Hindu_Tamil\03-11-2023\HinduTamilThisai/Chennai.pdf
[2023-11-03 10:23:15] info: -----------------------------------------------------
[2023-11-03 10:23:15] info: PDF is less than 97MB, compressing using Adobe: Coimbatore.pdf
[2023-11-03 10:24:36] info: Compressed PDF saved at: D:\website_dev\Hindu_epaper\server\Hindu_Tamil\03-11-2023\HinduTamilThisai/Coimbatore.pdf
[2023-11-03 10:24:36] info: -----------------------------------------------------
[2023-11-03 10:24:36] info: PDF is less than 97MB, compressing using Adobe: Dharmapuri.pdf
[2023-11-03 10:25:55] info: Compressed PDF saved at: D:\website_dev\Hindu_epaper\server\Hindu_Tamil\03-11-2023\HinduTamilThisai/Dharmapuri.pdf
[2023-11-03 10:25:55] info: -----------------------------------------------------
[2023-11-03 10:25:55] info: PDF is less than 97MB, compressing using Adobe: Kancheepuram.pdf
[2023-11-03 10:27:32] info: Compressed PDF saved at: D:\website_dev\Hindu_epaper\server\Hindu_Tamil\03-11-2023\HinduTamilThisai/Kancheepuram.pdf
[2023-11-03 10:27:32] info: -----------------------------------------------------
[2023-11-03 10:27:32] info: PDF is greater than 97MB, compressing using ILovePDF: Madurai.pdf
[2023-11-03 10:27:36] info: Task started in ILovePDF
[2023-11-03 10:27:49] info: Task file added in ILovePDF
[2023-11-03 10:29:02] info: file compressed
[2023-11-03 10:29:02] info: compressed and saved as D:\website_dev\Hindu_epaper\server\Hindu_Tamil\03-11-2023\HinduTamilThisai/Madurai.pdf
[2023-11-03 10:29:02] info: -----------------------------------------------------
[2023-11-03 10:29:02] info: PDF is less than 97MB, compressing using Adobe: Puducherry.pdf
[2023-11-03 10:30:32] info: Compressed PDF saved at: D:\website_dev\Hindu_epaper\server\Hindu_Tamil\03-11-2023\HinduTamilThisai/Puducherry.pdf
[2023-11-03 10:30:32] info: -----------------------------------------------------
[2023-11-03 10:30:32] info: PDF is less than 97MB, compressing using Adobe: Ramnad.pdf
[2023-11-03 10:32:05] info: Compressed PDF saved at: D:\website_dev\Hindu_epaper\server\Hindu_Tamil\03-11-2023\HinduTamilThisai/Ramnad.pdf
[2023-11-03 10:32:05] info: -----------------------------------------------------
[2023-11-03 10:32:05] info: PDF is less than 97MB, compressing using Adobe: Salem.pdf
[2023-11-03 10:33:20] info: Compressed PDF saved at: D:\website_dev\Hindu_epaper\server\Hindu_Tamil\03-11-2023\HinduTamilThisai/Salem.pdf
[2023-11-03 10:33:20] info: -----------------------------------------------------
[2023-11-03 10:33:20] info: PDF is less than 97MB, compressing using Adobe: Tanjavur.pdf
[2023-11-03 10:34:52] info: Compressed PDF saved at: D:\website_dev\Hindu_epaper\server\Hindu_Tamil\03-11-2023\HinduTamilThisai/Tanjavur.pdf
[2023-11-03 10:34:52] info: -----------------------------------------------------
[2023-11-03 10:34:52] info: PDF is less than 97MB, compressing using Adobe: Thiruvananthapuram.pdf
[2023-11-03 10:36:15] info: Compressed PDF saved at: D:\website_dev\Hindu_epaper\server\Hindu_Tamil\03-11-2023\HinduTamilThisai/Thiruvananthapuram.pdf
[2023-11-03 10:36:15] info: -----------------------------------------------------
[2023-11-03 10:36:15] info: PDF is less than 97MB, compressing using Adobe: Tiruchirapalli.pdf
[2023-11-03 10:37:32] info: Compressed PDF saved at: D:\website_dev\Hindu_epaper\server\Hindu_Tamil\03-11-2023\HinduTamilThisai/Tiruchirapalli.pdf
[2023-11-03 10:37:32] info: -----------------------------------------------------
[2023-11-03 10:37:32] info: PDF is less than 97MB, compressing using Adobe: Tirunelveli.pdf
[2023-11-03 10:38:54] info: Compressed PDF saved at: D:\website_dev\Hindu_epaper\server\Hindu_Tamil\03-11-2023\HinduTamilThisai/Tirunelveli.pdf
[2023-11-03 10:38:54] info: -----------------------------------------------------
[2023-11-03 10:38:54] info: PDF is less than 97MB, compressing using Adobe: Tirupur.pdf
[2023-11-03 10:40:14] info: Compressed PDF saved at: D:\website_dev\Hindu_epaper\server\Hindu_Tamil\03-11-2023\HinduTamilThisai/Tirupur.pdf
[2023-11-03 10:40:14] info: -----------------------------------------------------
[2023-11-03 10:40:14] info: PDF is less than 97MB, compressing using Adobe: Vellore.pdf
[2023-11-03 10:41:31] info: Compressed PDF saved at: D:\website_dev\Hindu_epaper\server\Hindu_Tamil\03-11-2023\HinduTamilThisai/Vellore.pdf
[2023-11-03 10:41:31] info: -----------------------------------------------------
[2023-11-03 10:41:31] info: All files in D:\Exact_files\2023\November\03-11-2023\TAMILTH\Combined compressed and saved successfully to D:\website_dev\Hindu_epaper\server\Hindu_Tamil\03-11-2023\HinduTamilThisai
[2023-11-03 10:41:31] info: Input directory does not exist: D:\Exact_files\2023\November\03-11-2023\TAMTHAF_Combined
[2023-11-03 10:41:31] info: Input directory does not exist: D:\Exact_files\2023\November\03-11-2023\TAMTHEF_Combined
[2023-11-03 10:41:31] info: Input directory does not exist: D:\Exact_files\2023\November\03-11-2023\TAMTHEdition_combined
[2023-11-03 10:41:31] info: All folders processed successfully.
[2023-11-03 10:41:37] info: Uploaded Chennai.pdf to HinduTamilThisai in Azure Blob Storage.
[2023-11-03 10:41:42] info: Uploaded Coimbatore.pdf to HinduTamilThisai in Azure Blob Storage.
[2023-11-03 10:41:47] info: Uploaded Dharmapuri.pdf to HinduTamilThisai in Azure Blob Storage.
[2023-11-03 10:41:56] info: Uploaded Kancheepuram.pdf to HinduTamilThisai in Azure Blob Storage.
[2023-11-03 10:42:01] info: Uploaded Madurai.pdf to HinduTamilThisai in Azure Blob Storage.
[2023-11-03 10:42:09] info: Uploaded Puducherry.pdf to HinduTamilThisai in Azure Blob Storage.
[2023-11-03 10:42:14] info: Uploaded Ramnad.pdf to HinduTamilThisai in Azure Blob Storage.
[2023-11-03 10:42:20] info: Uploaded Salem.pdf to HinduTamilThisai in Azure Blob Storage.
[2023-11-03 10:42:23] info: Uploaded Tanjavur.pdf to HinduTamilThisai in Azure Blob Storage.
[2023-11-03 10:42:26] info: Uploaded Thiruvananthapuram.pdf to HinduTamilThisai in Azure Blob Storage.
[2023-11-03 10:42:30] info: Uploaded Tiruchirapalli.pdf to HinduTamilThisai in Azure Blob Storage.
[2023-11-03 10:42:35] info: Uploaded Tirunelveli.pdf to HinduTamilThisai in Azure Blob Storage.
[2023-11-03 10:42:40] info: Uploaded Tirupur.pdf to HinduTamilThisai in Azure Blob Storage.
[2023-11-03 10:42:45] info: Uploaded Vellore.pdf to HinduTamilThisai in Azure Blob Storage.
[2023-11-03 10:42:45] info: Output directory does not exist: D:\website_dev\Hindu_epaper\server\Hindu_Tamil\03-11-2023\Supplementary
[2023-11-03 10:42:45] info: Output directory does not exist: D:\website_dev\Hindu_epaper\server\Hindu_Tamil\03-11-2023\SupplementaryOne
[2023-11-03 10:42:45] info: Output directory does not exist: D:\website_dev\Hindu_epaper\server\Hindu_Tamil\03-11-2023\NewEdition
[2023-11-03 10:42:45] info: All PDFs uploaded to Azure Blob Storage.
[2023-11-03 10:42:45] info: Uploaded File URL: https://stgvetrikkodi.blob.core.windows.net/vetrikkodi/HindutamilTesting/03-11-2023/HinduTamilThisai/Chennai.pdf
[2023-11-03 10:42:45] info: Uploaded File URL: https://stgvetrikkodi.blob.core.windows.net/vetrikkodi/HindutamilTesting/03-11-2023/HinduTamilThisai/Coimbatore.pdf
[2023-11-03 10:42:45] info: Uploaded File URL: https://stgvetrikkodi.blob.core.windows.net/vetrikkodi/HindutamilTesting/03-11-2023/HinduTamilThisai/Dharmapuri.pdf
[2023-11-03 10:42:45] info: Uploaded File URL: https://stgvetrikkodi.blob.core.windows.net/vetrikkodi/HindutamilTesting/03-11-2023/HinduTamilThisai/Kancheepuram.pdf
[2023-11-03 10:42:45] info: Uploaded File URL: https://stgvetrikkodi.blob.core.windows.net/vetrikkodi/HindutamilTesting/03-11-2023/HinduTamilThisai/Madurai.pdf
[2023-11-03 10:42:45] info: Uploaded File URL: https://stgvetrikkodi.blob.core.windows.net/vetrikkodi/HindutamilTesting/03-11-2023/HinduTamilThisai/Puducherry.pdf
[2023-11-03 10:42:45] info: Uploaded File URL: https://stgvetrikkodi.blob.core.windows.net/vetrikkodi/HindutamilTesting/03-11-2023/HinduTamilThisai/Ramnad.pdf
[2023-11-03 10:42:45] info: Uploaded File URL: https://stgvetrikkodi.blob.core.windows.net/vetrikkodi/HindutamilTesting/03-11-2023/HinduTamilThisai/Salem.pdf
[2023-11-03 10:42:45] info: Uploaded File URL: https://stgvetrikkodi.blob.core.windows.net/vetrikkodi/HindutamilTesting/03-11-2023/HinduTamilThisai/Tanjavur.pdf
[2023-11-03 10:42:45] info: Uploaded File URL: https://stgvetrikkodi.blob.core.windows.net/vetrikkodi/HindutamilTesting/03-11-2023/HinduTamilThisai/Thiruvananthapuram.pdf
[2023-11-03 10:42:45] info: Uploaded File URL: https://stgvetrikkodi.blob.core.windows.net/vetrikkodi/HindutamilTesting/03-11-2023/HinduTamilThisai/Tiruchirapalli.pdf
[2023-11-03 10:42:45] info: Uploaded File URL: https://stgvetrikkodi.blob.core.windows.net/vetrikkodi/HindutamilTesting/03-11-2023/HinduTamilThisai/Tirunelveli.pdf
[2023-11-03 10:42:45] info: Uploaded File URL: https://stgvetrikkodi.blob.core.windows.net/vetrikkodi/HindutamilTesting/03-11-2023/HinduTamilThisai/Tirupur.pdf
[2023-11-03 10:42:45] info: Uploaded File URL: https://stgvetrikkodi.blob.core.windows.net/vetrikkodi/HindutamilTesting/03-11-2023/HinduTamilThisai/Vellore.pdf
[2023-11-03 14:55:00] info: Directory created: D:\website_dev\Hindu_epaper\server\Hindu_Tamil\03-11-2023\HinduTamilThisai
[2023-11-03 14:55:00] info: PDF is less than 97MB, compressing using Adobe: Chennai.pdf
