[2023-09-29 14:58:01] info: Directory created: D:\website_dev\Hindu_epaper\server\Hindu_Tamil\29-09-2023\HinduTamilThisai
[2023-09-29 14:58:01] info: PDF is less than 97MB, compressing using Adobe: Chennai.pdf
[2023-09-29 14:59:12] info: Compressed PDF saved at: D:\website_dev\Hindu_epaper\server\Hindu_Tamil\29-09-2023\HinduTamilThisai/Chennai.pdf
[2023-09-29 14:59:12] info: -----------------------------------------------------
[2023-09-29 14:59:12] info: PDF is greater than 97MB, compressing using ILovePDF: Coimbatore.pdf
[2023-09-29 14:59:14] info: Task started in ILovePDF
[2023-09-29 14:59:43] info: Task file added in ILovePDF
[2023-09-29 15:00:12] info: file compressed
[2023-09-29 15:00:12] info: compressed and saved as D:\website_dev\Hindu_epaper\server\Hindu_Tamil\29-09-2023\HinduTamilThisai/Coimbatore.pdf
[2023-09-29 15:00:12] info: -----------------------------------------------------
[2023-09-29 15:00:12] info: PDF is greater than 97MB, compressing using ILovePDF: Dharmapuri.pdf
[2023-09-29 15:00:13] info: Task started in ILovePDF
[2023-09-29 15:00:37] info: Task file added in ILovePDF
[2023-09-29 15:01:06] info: file compressed
[2023-09-29 15:01:06] info: compressed and saved as D:\website_dev\Hindu_epaper\server\Hindu_Tamil\29-09-2023\HinduTamilThisai/Dharmapuri.pdf
[2023-09-29 15:01:06] info: -----------------------------------------------------
[2023-09-29 15:01:06] info: PDF is less than 97MB, compressing using Adobe: Kancheepuram.pdf
[2023-09-29 15:02:24] info: Compressed PDF saved at: D:\website_dev\Hindu_epaper\server\Hindu_Tamil\29-09-2023\HinduTamilThisai/Kancheepuram.pdf
[2023-09-29 15:02:24] info: -----------------------------------------------------
[2023-09-29 15:02:24] info: PDF is less than 97MB, compressing using Adobe: Madurai.pdf
[2023-09-29 15:03:39] info: Compressed PDF saved at: D:\website_dev\Hindu_epaper\server\Hindu_Tamil\29-09-2023\HinduTamilThisai/Madurai.pdf
[2023-09-29 15:03:39] info: -----------------------------------------------------
[2023-09-29 15:03:39] info: PDF is greater than 97MB, compressing using ILovePDF: Puducherry.pdf
[2023-09-29 15:03:40] info: Task started in ILovePDF
[2023-09-29 15:04:01] info: Task file added in ILovePDF
[2023-09-29 15:04:28] info: file compressed
[2023-09-29 15:04:29] info: compressed and saved as D:\website_dev\Hindu_epaper\server\Hindu_Tamil\29-09-2023\HinduTamilThisai/Puducherry.pdf
[2023-09-29 15:04:29] info: -----------------------------------------------------
[2023-09-29 15:04:29] info: PDF is less than 97MB, compressing using Adobe: Ramnad.pdf
[2023-09-29 15:05:44] info: Compressed PDF saved at: D:\website_dev\Hindu_epaper\server\Hindu_Tamil\29-09-2023\HinduTamilThisai/Ramnad.pdf
[2023-09-29 15:05:44] info: -----------------------------------------------------
[2023-09-29 15:05:44] info: PDF is greater than 97MB, compressing using ILovePDF: Salem.pdf
[2023-09-29 15:05:46] info: Task started in ILovePDF
[2023-09-29 15:06:03] info: Task file added in ILovePDF
[2023-09-29 15:06:30] info: file compressed
[2023-09-29 15:06:30] info: compressed and saved as D:\website_dev\Hindu_epaper\server\Hindu_Tamil\29-09-2023\HinduTamilThisai/Salem.pdf
[2023-09-29 15:06:30] info: -----------------------------------------------------
[2023-09-29 15:06:30] info: PDF is greater than 97MB, compressing using ILovePDF: Tanjavur.pdf
[2023-09-29 15:06:32] info: Task started in ILovePDF
[2023-09-29 15:06:51] info: Task file added in ILovePDF
[2023-09-29 15:07:18] info: file compressed
[2023-09-29 15:07:19] info: compressed and saved as D:\website_dev\Hindu_epaper\server\Hindu_Tamil\29-09-2023\HinduTamilThisai/Tanjavur.pdf
[2023-09-29 15:07:19] info: -----------------------------------------------------
[2023-09-29 15:07:19] info: PDF is greater than 97MB, compressing using ILovePDF: Thiruvananthapuram.pdf
[2023-09-29 15:07:20] info: Task started in ILovePDF
[2023-09-29 15:07:35] info: Task file added in ILovePDF
[2023-09-29 15:08:10] info: file compressed
[2023-09-29 15:08:10] info: compressed and saved as D:\website_dev\Hindu_epaper\server\Hindu_Tamil\29-09-2023\HinduTamilThisai/Thiruvananthapuram.pdf
[2023-09-29 15:08:10] info: -----------------------------------------------------
[2023-09-29 15:08:10] info: PDF is greater than 97MB, compressing using ILovePDF: Tiruchirapalli.pdf
[2023-09-29 15:08:11] info: Task started in ILovePDF
[2023-09-29 15:10:09] info: Task file added in ILovePDF
[2023-09-29 15:10:35] info: file compressed
[2023-09-29 15:10:35] info: compressed and saved as D:\website_dev\Hindu_epaper\server\Hindu_Tamil\29-09-2023\HinduTamilThisai/Tiruchirapalli.pdf
[2023-09-29 15:10:35] info: -----------------------------------------------------
[2023-09-29 15:10:35] info: PDF is greater than 97MB, compressing using ILovePDF: Tirunelveli.pdf
[2023-09-29 15:10:37] info: Task started in ILovePDF
[2023-09-29 15:10:57] info: Task file added in ILovePDF
[2023-09-29 15:11:25] info: file compressed
[2023-09-29 15:11:25] info: compressed and saved as D:\website_dev\Hindu_epaper\server\Hindu_Tamil\29-09-2023\HinduTamilThisai/Tirunelveli.pdf
[2023-09-29 15:11:25] info: -----------------------------------------------------
[2023-09-29 15:11:25] info: PDF is greater than 97MB, compressing using ILovePDF: Tirupur.pdf
[2023-09-29 15:11:27] info: Task started in ILovePDF
[2023-09-29 15:11:51] info: Task file added in ILovePDF
[2023-09-29 15:12:17] info: file compressed
[2023-09-29 15:12:17] info: compressed and saved as D:\website_dev\Hindu_epaper\server\Hindu_Tamil\29-09-2023\HinduTamilThisai/Tirupur.pdf
[2023-09-29 15:12:17] info: -----------------------------------------------------
[2023-09-29 15:12:17] info: PDF is greater than 97MB, compressing using ILovePDF: Vellore.pdf
[2023-09-29 15:12:19] info: Task started in ILovePDF
[2023-09-29 15:12:33] info: Task file added in ILovePDF
[2023-09-29 15:13:00] info: file compressed
[2023-09-29 15:13:00] info: compressed and saved as D:\website_dev\Hindu_epaper\server\Hindu_Tamil\29-09-2023\HinduTamilThisai/Vellore.pdf
[2023-09-29 15:13:00] info: -----------------------------------------------------
[2023-09-29 15:13:00] info: All files in D:\Exact_files\2023\September\29-09-2023\TAMILTH\Combined compressed and saved successfully to D:\website_dev\Hindu_epaper\server\Hindu_Tamil\29-09-2023\HinduTamilThisai
[2023-09-29 15:13:00] info: Input directory does not exist: D:\Exact_files\2023\September\29-09-2023\TAMTHAF_Combined
[2023-09-29 15:13:00] info: Input directory does not exist: D:\Exact_files\2023\September\29-09-2023\TAMTHEF_Combined
[2023-09-29 15:13:00] info: Input directory does not exist: D:\Exact_files\2023\September\29-09-2023\TAMTHEdition_combined
[2023-09-29 15:13:00] info: All folders processed successfully.
[2023-09-29 15:13:06] info: Uploaded Chennai.pdf to HinduTamilThisai in Azure Blob Storage.
[2023-09-29 15:13:09] info: Uploaded Coimbatore.pdf to HinduTamilThisai in Azure Blob Storage.
[2023-09-29 15:13:12] info: Uploaded Dharmapuri.pdf to HinduTamilThisai in Azure Blob Storage.
[2023-09-29 15:13:16] info: Uploaded Kancheepuram.pdf to HinduTamilThisai in Azure Blob Storage.
[2023-09-29 15:13:22] info: Uploaded Madurai.pdf to HinduTamilThisai in Azure Blob Storage.
[2023-09-29 15:13:26] info: Uploaded Puducherry.pdf to HinduTamilThisai in Azure Blob Storage.
[2023-09-29 15:13:31] info: Uploaded Ramnad.pdf to HinduTamilThisai in Azure Blob Storage.
[2023-09-29 15:13:34] info: Uploaded Salem.pdf to HinduTamilThisai in Azure Blob Storage.
[2023-09-29 15:13:39] info: Uploaded Tanjavur.pdf to HinduTamilThisai in Azure Blob Storage.
[2023-09-29 15:13:42] info: Uploaded Thiruvananthapuram.pdf to HinduTamilThisai in Azure Blob Storage.
[2023-09-29 15:13:46] info: Uploaded Tiruchirapalli.pdf to HinduTamilThisai in Azure Blob Storage.
[2023-09-29 15:13:49] info: Uploaded Tirunelveli.pdf to HinduTamilThisai in Azure Blob Storage.
[2023-09-29 15:13:52] info: Uploaded Tirupur.pdf to HinduTamilThisai in Azure Blob Storage.
[2023-09-29 15:13:54] info: Uploaded Vellore.pdf to HinduTamilThisai in Azure Blob Storage.
[2023-09-29 15:13:54] info: Output directory does not exist: D:\website_dev\Hindu_epaper\server\Hindu_Tamil\29-09-2023\Supplementary
[2023-09-29 15:13:54] info: Output directory does not exist: D:\website_dev\Hindu_epaper\server\Hindu_Tamil\29-09-2023\SupplementaryOne
[2023-09-29 15:13:54] info: Output directory does not exist: D:\website_dev\Hindu_epaper\server\Hindu_Tamil\29-09-2023\NewEdition
[2023-09-29 15:13:54] info: All PDFs uploaded to Azure Blob Storage.
[2023-09-29 15:13:54] info: Uploaded File URL: https://stgvetrikkodi.blob.core.windows.net/vetrikkodi/HindutamilTesting/29-09-2023/HinduTamilThisai/Chennai.pdf
[2023-09-29 15:13:54] info: Uploaded File URL: https://stgvetrikkodi.blob.core.windows.net/vetrikkodi/HindutamilTesting/29-09-2023/HinduTamilThisai/Coimbatore.pdf
[2023-09-29 15:13:54] info: Uploaded File URL: https://stgvetrikkodi.blob.core.windows.net/vetrikkodi/HindutamilTesting/29-09-2023/HinduTamilThisai/Dharmapuri.pdf
[2023-09-29 15:13:54] info: Uploaded File URL: https://stgvetrikkodi.blob.core.windows.net/vetrikkodi/HindutamilTesting/29-09-2023/HinduTamilThisai/Kancheepuram.pdf
[2023-09-29 15:13:54] info: Uploaded File URL: https://stgvetrikkodi.blob.core.windows.net/vetrikkodi/HindutamilTesting/29-09-2023/HinduTamilThisai/Madurai.pdf
[2023-09-29 15:13:54] info: Uploaded File URL: https://stgvetrikkodi.blob.core.windows.net/vetrikkodi/HindutamilTesting/29-09-2023/HinduTamilThisai/Puducherry.pdf
[2023-09-29 15:13:54] info: Uploaded File URL: https://stgvetrikkodi.blob.core.windows.net/vetrikkodi/HindutamilTesting/29-09-2023/HinduTamilThisai/Ramnad.pdf
[2023-09-29 15:13:54] info: Uploaded File URL: https://stgvetrikkodi.blob.core.windows.net/vetrikkodi/HindutamilTesting/29-09-2023/HinduTamilThisai/Salem.pdf
[2023-09-29 15:13:54] info: Uploaded File URL: https://stgvetrikkodi.blob.core.windows.net/vetrikkodi/HindutamilTesting/29-09-2023/HinduTamilThisai/Tanjavur.pdf
[2023-09-29 15:13:54] info: Uploaded File URL: https://stgvetrikkodi.blob.core.windows.net/vetrikkodi/HindutamilTesting/29-09-2023/HinduTamilThisai/Thiruvananthapuram.pdf
[2023-09-29 15:13:54] info: Uploaded File URL: https://stgvetrikkodi.blob.core.windows.net/vetrikkodi/HindutamilTesting/29-09-2023/HinduTamilThisai/Tiruchirapalli.pdf
[2023-09-29 15:13:54] info: Uploaded File URL: https://stgvetrikkodi.blob.core.windows.net/vetrikkodi/HindutamilTesting/29-09-2023/HinduTamilThisai/Tirunelveli.pdf
[2023-09-29 15:13:54] info: Uploaded File URL: https://stgvetrikkodi.blob.core.windows.net/vetrikkodi/HindutamilTesting/29-09-2023/HinduTamilThisai/Tirupur.pdf
[2023-09-29 15:13:54] info: Uploaded File URL: https://stgvetrikkodi.blob.core.windows.net/vetrikkodi/HindutamilTesting/29-09-2023/HinduTamilThisai/Vellore.pdf
