[2023-10-04 10:39:53] info: Directory created: D:\website_dev\Hindu_epaper\server\Hindu_Tamil\04-10-2023\HinduTamilThisai
[2023-10-04 10:39:53] info: PDF is less than 97MB, compressing using Adobe: Chennai.pdf
[2023-10-04 10:41:50] info: Compressed PDF saved at: D:\website_dev\Hindu_epaper\server\Hindu_Tamil\04-10-2023\HinduTamilThisai/Chennai.pdf
[2023-10-04 10:41:50] info: -----------------------------------------------------
[2023-10-04 10:41:50] info: PDF is less than 97MB, compressing using Adobe: Coimbatore.pdf
[2023-10-04 10:43:32] info: Compressed PDF saved at: D:\website_dev\Hindu_epaper\server\Hindu_Tamil\04-10-2023\HinduTamilThisai/Coimbatore.pdf
[2023-10-04 10:43:32] info: -----------------------------------------------------
[2023-10-04 10:43:32] info: PDF is less than 97MB, compressing using Adobe: Dharmapuri.pdf
[2023-10-04 10:44:47] info: Compressed PDF saved at: D:\website_dev\Hindu_epaper\server\Hindu_Tamil\04-10-2023\HinduTamilThisai/Dharmapuri.pdf
[2023-10-04 10:44:47] info: -----------------------------------------------------
[2023-10-04 10:44:47] info: PDF is less than 97MB, compressing using Adobe: Kancheepuram.pdf
[2023-10-04 10:46:11] info: Compressed PDF saved at: D:\website_dev\Hindu_epaper\server\Hindu_Tamil\04-10-2023\HinduTamilThisai/Kancheepuram.pdf
[2023-10-04 10:46:11] info: -----------------------------------------------------
[2023-10-04 10:46:11] info: PDF is less than 97MB, compressing using Adobe: Madurai.pdf
[2023-10-04 10:47:43] info: Compressed PDF saved at: D:\website_dev\Hindu_epaper\server\Hindu_Tamil\04-10-2023\HinduTamilThisai/Madurai.pdf
[2023-10-04 10:47:43] info: -----------------------------------------------------
[2023-10-04 10:47:43] info: PDF is less than 97MB, compressing using Adobe: Puducherry.pdf
[2023-10-04 10:49:04] info: Compressed PDF saved at: D:\website_dev\Hindu_epaper\server\Hindu_Tamil\04-10-2023\HinduTamilThisai/Puducherry.pdf
[2023-10-04 10:49:04] info: -----------------------------------------------------
[2023-10-04 10:49:04] info: PDF is less than 97MB, compressing using Adobe: Ramnad.pdf
[2023-10-04 10:51:46] info: Compressed PDF saved at: D:\website_dev\Hindu_epaper\server\Hindu_Tamil\04-10-2023\HinduTamilThisai/Ramnad.pdf
[2023-10-04 10:51:46] info: -----------------------------------------------------
[2023-10-04 10:51:46] info: PDF is less than 97MB, compressing using Adobe: Salem.pdf
[2023-10-04 10:53:18] info: Compressed PDF saved at: D:\website_dev\Hindu_epaper\server\Hindu_Tamil\04-10-2023\HinduTamilThisai/Salem.pdf
[2023-10-04 10:53:18] info: -----------------------------------------------------
[2023-10-04 10:53:18] info: PDF is less than 97MB, compressing using Adobe: Tanjavur.pdf
[2023-10-04 10:54:35] info: Compressed PDF saved at: D:\website_dev\Hindu_epaper\server\Hindu_Tamil\04-10-2023\HinduTamilThisai/Tanjavur.pdf
[2023-10-04 10:54:35] info: -----------------------------------------------------
[2023-10-04 10:54:35] info: PDF is less than 97MB, compressing using Adobe: Thiruvananthapuram.pdf
[2023-10-04 10:55:56] info: Compressed PDF saved at: D:\website_dev\Hindu_epaper\server\Hindu_Tamil\04-10-2023\HinduTamilThisai/Thiruvananthapuram.pdf
[2023-10-04 10:55:56] info: -----------------------------------------------------
[2023-10-04 10:55:56] info: PDF is less than 97MB, compressing using Adobe: Tiruchirapalli.pdf
[2023-10-04 10:57:09] info: Compressed PDF saved at: D:\website_dev\Hindu_epaper\server\Hindu_Tamil\04-10-2023\HinduTamilThisai/Tiruchirapalli.pdf
[2023-10-04 10:57:09] info: -----------------------------------------------------
[2023-10-04 10:57:09] info: PDF is less than 97MB, compressing using Adobe: Tirunelveli.pdf
[2023-10-04 10:58:50] info: Compressed PDF saved at: D:\website_dev\Hindu_epaper\server\Hindu_Tamil\04-10-2023\HinduTamilThisai/Tirunelveli.pdf
[2023-10-04 10:58:50] info: -----------------------------------------------------
[2023-10-04 10:58:50] info: PDF is less than 97MB, compressing using Adobe: Tirupur.pdf
[2023-10-04 11:00:17] info: Compressed PDF saved at: D:\website_dev\Hindu_epaper\server\Hindu_Tamil\04-10-2023\HinduTamilThisai/Tirupur.pdf
[2023-10-04 11:00:17] info: -----------------------------------------------------
[2023-10-04 11:00:17] info: PDF is less than 97MB, compressing using Adobe: Vellore.pdf
[2023-10-04 11:02:09] info: Compressed PDF saved at: D:\website_dev\Hindu_epaper\server\Hindu_Tamil\04-10-2023\HinduTamilThisai/Vellore.pdf
[2023-10-04 11:02:09] info: -----------------------------------------------------
[2023-10-04 11:02:09] info: All files in D:\Exact_files\2023\October\04-10-2023\TAMILTH\Combined compressed and saved successfully to D:\website_dev\Hindu_epaper\server\Hindu_Tamil\04-10-2023\HinduTamilThisai
[2023-10-04 11:02:09] info: Input directory does not exist: D:\Exact_files\2023\October\04-10-2023\TAMTHAF_Combined
[2023-10-04 11:02:09] info: Input directory does not exist: D:\Exact_files\2023\October\04-10-2023\TAMTHEF_Combined
[2023-10-04 11:02:09] info: Input directory does not exist: D:\Exact_files\2023\October\04-10-2023\TAMTHEdition_combined
[2023-10-04 11:02:09] info: All folders processed successfully.
[2023-10-04 11:02:26] info: Uploaded Chennai.pdf to HinduTamilThisai in Azure Blob Storage.
[2023-10-04 11:02:29] info: Uploaded Coimbatore.pdf to HinduTamilThisai in Azure Blob Storage.
[2023-10-04 11:02:32] info: Uploaded Dharmapuri.pdf to HinduTamilThisai in Azure Blob Storage.
[2023-10-04 11:02:36] info: Uploaded Kancheepuram.pdf to HinduTamilThisai in Azure Blob Storage.
[2023-10-04 11:02:40] info: Uploaded Madurai.pdf to HinduTamilThisai in Azure Blob Storage.
[2023-10-04 11:02:43] info: Uploaded Puducherry.pdf to HinduTamilThisai in Azure Blob Storage.
[2023-10-04 11:02:48] info: Uploaded Ramnad.pdf to HinduTamilThisai in Azure Blob Storage.
[2023-10-04 11:02:52] info: Uploaded Salem.pdf to HinduTamilThisai in Azure Blob Storage.
[2023-10-04 11:02:55] info: Uploaded Tanjavur.pdf to HinduTamilThisai in Azure Blob Storage.
[2023-10-04 11:02:58] info: Uploaded Thiruvananthapuram.pdf to HinduTamilThisai in Azure Blob Storage.
[2023-10-04 11:03:01] info: Uploaded Tiruchirapalli.pdf to HinduTamilThisai in Azure Blob Storage.
[2023-10-04 11:03:05] info: Uploaded Tirunelveli.pdf to HinduTamilThisai in Azure Blob Storage.
[2023-10-04 11:03:09] info: Uploaded Tirupur.pdf to HinduTamilThisai in Azure Blob Storage.
[2023-10-04 11:03:11] info: Uploaded Vellore.pdf to HinduTamilThisai in Azure Blob Storage.
[2023-10-04 11:03:11] info: Output directory does not exist: D:\website_dev\Hindu_epaper\server\Hindu_Tamil\04-10-2023\Supplementary
[2023-10-04 11:03:11] info: Output directory does not exist: D:\website_dev\Hindu_epaper\server\Hindu_Tamil\04-10-2023\SupplementaryOne
[2023-10-04 11:03:11] info: Output directory does not exist: D:\website_dev\Hindu_epaper\server\Hindu_Tamil\04-10-2023\NewEdition
[2023-10-04 11:03:11] info: All PDFs uploaded to Azure Blob Storage.
[2023-10-04 11:03:11] info: Uploaded File URL: https://stgvetrikkodi.blob.core.windows.net/vetrikkodi/HindutamilTesting/04-10-2023/HinduTamilThisai/Chennai.pdf
[2023-10-04 11:03:11] info: Uploaded File URL: https://stgvetrikkodi.blob.core.windows.net/vetrikkodi/HindutamilTesting/04-10-2023/HinduTamilThisai/Coimbatore.pdf
[2023-10-04 11:03:11] info: Uploaded File URL: https://stgvetrikkodi.blob.core.windows.net/vetrikkodi/HindutamilTesting/04-10-2023/HinduTamilThisai/Dharmapuri.pdf
[2023-10-04 11:03:11] info: Uploaded File URL: https://stgvetrikkodi.blob.core.windows.net/vetrikkodi/HindutamilTesting/04-10-2023/HinduTamilThisai/Kancheepuram.pdf
[2023-10-04 11:03:11] info: Uploaded File URL: https://stgvetrikkodi.blob.core.windows.net/vetrikkodi/HindutamilTesting/04-10-2023/HinduTamilThisai/Madurai.pdf
[2023-10-04 11:03:11] info: Uploaded File URL: https://stgvetrikkodi.blob.core.windows.net/vetrikkodi/HindutamilTesting/04-10-2023/HinduTamilThisai/Puducherry.pdf
[2023-10-04 11:03:11] info: Uploaded File URL: https://stgvetrikkodi.blob.core.windows.net/vetrikkodi/HindutamilTesting/04-10-2023/HinduTamilThisai/Ramnad.pdf
[2023-10-04 11:03:11] info: Uploaded File URL: https://stgvetrikkodi.blob.core.windows.net/vetrikkodi/HindutamilTesting/04-10-2023/HinduTamilThisai/Salem.pdf
[2023-10-04 11:03:11] info: Uploaded File URL: https://stgvetrikkodi.blob.core.windows.net/vetrikkodi/HindutamilTesting/04-10-2023/HinduTamilThisai/Tanjavur.pdf
[2023-10-04 11:03:11] info: Uploaded File URL: https://stgvetrikkodi.blob.core.windows.net/vetrikkodi/HindutamilTesting/04-10-2023/HinduTamilThisai/Thiruvananthapuram.pdf
[2023-10-04 11:03:11] info: Uploaded File URL: https://stgvetrikkodi.blob.core.windows.net/vetrikkodi/HindutamilTesting/04-10-2023/HinduTamilThisai/Tiruchirapalli.pdf
[2023-10-04 11:03:11] info: Uploaded File URL: https://stgvetrikkodi.blob.core.windows.net/vetrikkodi/HindutamilTesting/04-10-2023/HinduTamilThisai/Tirunelveli.pdf
[2023-10-04 11:03:11] info: Uploaded File URL: https://stgvetrikkodi.blob.core.windows.net/vetrikkodi/HindutamilTesting/04-10-2023/HinduTamilThisai/Tirupur.pdf
[2023-10-04 11:03:11] info: Uploaded File URL: https://stgvetrikkodi.blob.core.windows.net/vetrikkodi/HindutamilTesting/04-10-2023/HinduTamilThisai/Vellore.pdf
