[2023-10-26 09:57:46] info: Directory created: D:\website_dev\Hindu_epaper\server\Hindu_Tamil\26-10-2023\HinduTamilThisai
[2023-10-26 09:57:46] info: PDF is less than 97MB, compressing using Adobe: Chennai.pdf
[2023-10-26 09:59:16] info: Compressed PDF saved at: D:\website_dev\Hindu_epaper\server\Hindu_Tamil\26-10-2023\HinduTamilThisai/Chennai.pdf
[2023-10-26 09:59:16] info: -----------------------------------------------------
[2023-10-26 09:59:16] info: PDF is less than 97MB, compressing using Adobe: Coimbatore.pdf
[2023-10-26 10:00:18] info: Compressed PDF saved at: D:\website_dev\Hindu_epaper\server\Hindu_Tamil\26-10-2023\HinduTamilThisai/Coimbatore.pdf
[2023-10-26 10:00:18] info: -----------------------------------------------------
[2023-10-26 10:00:18] info: PDF is less than 97MB, compressing using Adobe: Dharmapuri.pdf
[2023-10-26 10:01:18] info: Compressed PDF saved at: D:\website_dev\Hindu_epaper\server\Hindu_Tamil\26-10-2023\HinduTamilThisai/Dharmapuri.pdf
[2023-10-26 10:01:18] info: -----------------------------------------------------
[2023-10-26 10:01:18] info: PDF is less than 97MB, compressing using Adobe: Kancheepuram.pdf
[2023-10-26 10:02:38] info: Compressed PDF saved at: D:\website_dev\Hindu_epaper\server\Hindu_Tamil\26-10-2023\HinduTamilThisai/Kancheepuram.pdf
[2023-10-26 10:02:38] info: -----------------------------------------------------
[2023-10-26 10:02:38] info: PDF is less than 97MB, compressing using Adobe: Madurai.pdf
[2023-10-26 10:03:46] info: Compressed PDF saved at: D:\website_dev\Hindu_epaper\server\Hindu_Tamil\26-10-2023\HinduTamilThisai/Madurai.pdf
[2023-10-26 10:03:46] info: -----------------------------------------------------
[2023-10-26 10:03:46] info: PDF is less than 97MB, compressing using Adobe: Puducherry.pdf
[2023-10-26 10:05:10] info: Compressed PDF saved at: D:\website_dev\Hindu_epaper\server\Hindu_Tamil\26-10-2023\HinduTamilThisai/Puducherry.pdf
[2023-10-26 10:05:10] info: -----------------------------------------------------
[2023-10-26 10:05:10] info: PDF is less than 97MB, compressing using Adobe: Ramnad.pdf
[2023-10-26 10:06:14] info: Compressed PDF saved at: D:\website_dev\Hindu_epaper\server\Hindu_Tamil\26-10-2023\HinduTamilThisai/Ramnad.pdf
[2023-10-26 10:06:14] info: -----------------------------------------------------
[2023-10-26 10:06:14] info: PDF is less than 97MB, compressing using Adobe: Salem.pdf
[2023-10-26 10:07:21] info: Compressed PDF saved at: D:\website_dev\Hindu_epaper\server\Hindu_Tamil\26-10-2023\HinduTamilThisai/Salem.pdf
[2023-10-26 10:07:21] info: -----------------------------------------------------
[2023-10-26 10:07:21] info: PDF is less than 97MB, compressing using Adobe: Tanjavur.pdf
[2023-10-26 10:08:26] info: Compressed PDF saved at: D:\website_dev\Hindu_epaper\server\Hindu_Tamil\26-10-2023\HinduTamilThisai/Tanjavur.pdf
[2023-10-26 10:08:26] info: -----------------------------------------------------
[2023-10-26 10:08:26] info: PDF is less than 97MB, compressing using Adobe: Thiruvananthapuram.pdf
[2023-10-26 10:09:31] info: Compressed PDF saved at: D:\website_dev\Hindu_epaper\server\Hindu_Tamil\26-10-2023\HinduTamilThisai/Thiruvananthapuram.pdf
[2023-10-26 10:09:31] info: -----------------------------------------------------
[2023-10-26 10:09:31] info: PDF is less than 97MB, compressing using Adobe: Tiruchirapalli.pdf
[2023-10-26 10:10:34] info: Compressed PDF saved at: D:\website_dev\Hindu_epaper\server\Hindu_Tamil\26-10-2023\HinduTamilThisai/Tiruchirapalli.pdf
[2023-10-26 10:10:34] info: -----------------------------------------------------
[2023-10-26 10:10:34] info: PDF is less than 97MB, compressing using Adobe: Tirunelveli.pdf
[2023-10-26 10:11:37] info: Compressed PDF saved at: D:\website_dev\Hindu_epaper\server\Hindu_Tamil\26-10-2023\HinduTamilThisai/Tirunelveli.pdf
[2023-10-26 10:11:37] info: -----------------------------------------------------
[2023-10-26 10:11:37] info: PDF is less than 97MB, compressing using Adobe: Tirupur.pdf
[2023-10-26 10:12:39] info: Compressed PDF saved at: D:\website_dev\Hindu_epaper\server\Hindu_Tamil\26-10-2023\HinduTamilThisai/Tirupur.pdf
[2023-10-26 10:12:39] info: -----------------------------------------------------
[2023-10-26 10:12:39] info: PDF is less than 97MB, compressing using Adobe: Vellore.pdf
[2023-10-26 10:13:45] info: Compressed PDF saved at: D:\website_dev\Hindu_epaper\server\Hindu_Tamil\26-10-2023\HinduTamilThisai/Vellore.pdf
[2023-10-26 10:13:45] info: -----------------------------------------------------
[2023-10-26 10:13:45] info: All files in D:\Exact_files\2023\October\26-10-2023\TAMILTH\Combined compressed and saved successfully to D:\website_dev\Hindu_epaper\server\Hindu_Tamil\26-10-2023\HinduTamilThisai
[2023-10-26 10:13:45] info: Input directory does not exist: D:\Exact_files\2023\October\26-10-2023\TAMTHAF_Combined
[2023-10-26 10:13:45] info: Directory created: D:\website_dev\Hindu_epaper\server\Hindu_Tamil\26-10-2023\SupplementaryOne
[2023-10-26 10:13:45] info: PDF is less than 97MB, compressing using Adobe: Chennai.pdf
[2023-10-26 10:14:18] info: Compressed PDF saved at: D:\website_dev\Hindu_epaper\server\Hindu_Tamil\26-10-2023\SupplementaryOne/Chennai.pdf
[2023-10-26 10:14:18] info: -----------------------------------------------------
[2023-10-26 10:14:18] info: PDF is less than 97MB, compressing using Adobe: Coimbatore.pdf
[2023-10-26 10:14:50] info: Compressed PDF saved at: D:\website_dev\Hindu_epaper\server\Hindu_Tamil\26-10-2023\SupplementaryOne/Coimbatore.pdf
[2023-10-26 10:14:50] info: -----------------------------------------------------
[2023-10-26 10:14:50] info: PDF is less than 97MB, compressing using Adobe: Dharmapuri.pdf
[2023-10-26 10:15:21] info: Compressed PDF saved at: D:\website_dev\Hindu_epaper\server\Hindu_Tamil\26-10-2023\SupplementaryOne/Dharmapuri.pdf
[2023-10-26 10:15:21] info: -----------------------------------------------------
[2023-10-26 10:15:21] info: PDF is less than 97MB, compressing using Adobe: Madurai.pdf
[2023-10-26 10:15:54] info: Compressed PDF saved at: D:\website_dev\Hindu_epaper\server\Hindu_Tamil\26-10-2023\SupplementaryOne/Madurai.pdf
[2023-10-26 10:15:54] info: -----------------------------------------------------
[2023-10-26 10:15:54] info: PDF is less than 97MB, compressing using Adobe: Thiruvananthapuram.pdf
[2023-10-26 10:16:27] info: Compressed PDF saved at: D:\website_dev\Hindu_epaper\server\Hindu_Tamil\26-10-2023\SupplementaryOne/Thiruvananthapuram.pdf
[2023-10-26 10:16:27] info: -----------------------------------------------------
[2023-10-26 10:16:27] info: PDF is less than 97MB, compressing using Adobe: Tiruchirapalli.pdf
[2023-10-26 10:16:58] info: Compressed PDF saved at: D:\website_dev\Hindu_epaper\server\Hindu_Tamil\26-10-2023\SupplementaryOne/Tiruchirapalli.pdf
[2023-10-26 10:16:58] info: -----------------------------------------------------
[2023-10-26 10:16:58] info: PDF is less than 97MB, compressing using Adobe: Vellore.pdf
[2023-10-26 10:17:30] info: Compressed PDF saved at: D:\website_dev\Hindu_epaper\server\Hindu_Tamil\26-10-2023\SupplementaryOne/Vellore.pdf
[2023-10-26 10:17:30] info: -----------------------------------------------------
[2023-10-26 10:17:30] info: All files in D:\Exact_files\2023\October\26-10-2023\TAMTHEF_Combined compressed and saved successfully to D:\website_dev\Hindu_epaper\server\Hindu_Tamil\26-10-2023\SupplementaryOne
[2023-10-26 10:17:30] info: Input directory does not exist: D:\Exact_files\2023\October\26-10-2023\TAMTHEdition_combined
[2023-10-26 10:17:30] info: All folders processed successfully.
[2023-10-26 10:17:35] info: Uploaded Chennai.pdf to HinduTamilThisai in Azure Blob Storage.
[2023-10-26 10:17:39] info: Uploaded Coimbatore.pdf to HinduTamilThisai in Azure Blob Storage.
[2023-10-26 10:17:41] info: Uploaded Dharmapuri.pdf to HinduTamilThisai in Azure Blob Storage.
[2023-10-26 10:17:44] info: Uploaded Kancheepuram.pdf to HinduTamilThisai in Azure Blob Storage.
[2023-10-26 10:17:47] info: Uploaded Madurai.pdf to HinduTamilThisai in Azure Blob Storage.
[2023-10-26 10:17:50] info: Uploaded Puducherry.pdf to HinduTamilThisai in Azure Blob Storage.
[2023-10-26 10:17:53] info: Uploaded Ramnad.pdf to HinduTamilThisai in Azure Blob Storage.
[2023-10-26 10:17:55] info: Uploaded Salem.pdf to HinduTamilThisai in Azure Blob Storage.
[2023-10-26 10:17:58] info: Uploaded Tanjavur.pdf to HinduTamilThisai in Azure Blob Storage.
[2023-10-26 10:18:01] info: Uploaded Thiruvananthapuram.pdf to HinduTamilThisai in Azure Blob Storage.
[2023-10-26 10:18:03] info: Uploaded Tiruchirapalli.pdf to HinduTamilThisai in Azure Blob Storage.
[2023-10-26 10:18:06] info: Uploaded Tirunelveli.pdf to HinduTamilThisai in Azure Blob Storage.
[2023-10-26 10:18:09] info: Uploaded Tirupur.pdf to HinduTamilThisai in Azure Blob Storage.
[2023-10-26 10:18:12] info: Uploaded Vellore.pdf to HinduTamilThisai in Azure Blob Storage.
[2023-10-26 10:18:12] info: Output directory does not exist: D:\website_dev\Hindu_epaper\server\Hindu_Tamil\26-10-2023\Supplementary
[2023-10-26 10:18:13] info: Uploaded Chennai.pdf to SupplementaryOne in Azure Blob Storage.
[2023-10-26 10:18:13] info: Uploaded Coimbatore.pdf to SupplementaryOne in Azure Blob Storage.
[2023-10-26 10:18:14] info: Uploaded Dharmapuri.pdf to SupplementaryOne in Azure Blob Storage.
[2023-10-26 10:18:15] info: Uploaded Madurai.pdf to SupplementaryOne in Azure Blob Storage.
[2023-10-26 10:18:16] info: Uploaded Thiruvananthapuram.pdf to SupplementaryOne in Azure Blob Storage.
[2023-10-26 10:18:16] info: Uploaded Tiruchirapalli.pdf to SupplementaryOne in Azure Blob Storage.
[2023-10-26 10:18:17] info: Uploaded Vellore.pdf to SupplementaryOne in Azure Blob Storage.
[2023-10-26 10:18:17] info: Output directory does not exist: D:\website_dev\Hindu_epaper\server\Hindu_Tamil\26-10-2023\NewEdition
[2023-10-26 10:18:17] info: All PDFs uploaded to Azure Blob Storage.
[2023-10-26 10:18:17] info: Uploaded File URL: https://stgvetrikkodi.blob.core.windows.net/vetrikkodi/HindutamilTesting/26-10-2023/HinduTamilThisai/Chennai.pdf
[2023-10-26 10:18:17] info: Uploaded File URL: https://stgvetrikkodi.blob.core.windows.net/vetrikkodi/HindutamilTesting/26-10-2023/HinduTamilThisai/Coimbatore.pdf
[2023-10-26 10:18:17] info: Uploaded File URL: https://stgvetrikkodi.blob.core.windows.net/vetrikkodi/HindutamilTesting/26-10-2023/HinduTamilThisai/Dharmapuri.pdf
[2023-10-26 10:18:17] info: Uploaded File URL: https://stgvetrikkodi.blob.core.windows.net/vetrikkodi/HindutamilTesting/26-10-2023/HinduTamilThisai/Kancheepuram.pdf
[2023-10-26 10:18:17] info: Uploaded File URL: https://stgvetrikkodi.blob.core.windows.net/vetrikkodi/HindutamilTesting/26-10-2023/HinduTamilThisai/Madurai.pdf
[2023-10-26 10:18:17] info: Uploaded File URL: https://stgvetrikkodi.blob.core.windows.net/vetrikkodi/HindutamilTesting/26-10-2023/HinduTamilThisai/Puducherry.pdf
[2023-10-26 10:18:17] info: Uploaded File URL: https://stgvetrikkodi.blob.core.windows.net/vetrikkodi/HindutamilTesting/26-10-2023/HinduTamilThisai/Ramnad.pdf
[2023-10-26 10:18:17] info: Uploaded File URL: https://stgvetrikkodi.blob.core.windows.net/vetrikkodi/HindutamilTesting/26-10-2023/HinduTamilThisai/Salem.pdf
[2023-10-26 10:18:17] info: Uploaded File URL: https://stgvetrikkodi.blob.core.windows.net/vetrikkodi/HindutamilTesting/26-10-2023/HinduTamilThisai/Tanjavur.pdf
[2023-10-26 10:18:17] info: Uploaded File URL: https://stgvetrikkodi.blob.core.windows.net/vetrikkodi/HindutamilTesting/26-10-2023/HinduTamilThisai/Thiruvananthapuram.pdf
[2023-10-26 10:18:17] info: Uploaded File URL: https://stgvetrikkodi.blob.core.windows.net/vetrikkodi/HindutamilTesting/26-10-2023/HinduTamilThisai/Tiruchirapalli.pdf
[2023-10-26 10:18:17] info: Uploaded File URL: https://stgvetrikkodi.blob.core.windows.net/vetrikkodi/HindutamilTesting/26-10-2023/HinduTamilThisai/Tirunelveli.pdf
[2023-10-26 10:18:17] info: Uploaded File URL: https://stgvetrikkodi.blob.core.windows.net/vetrikkodi/HindutamilTesting/26-10-2023/HinduTamilThisai/Tirupur.pdf
[2023-10-26 10:18:17] info: Uploaded File URL: https://stgvetrikkodi.blob.core.windows.net/vetrikkodi/HindutamilTesting/26-10-2023/HinduTamilThisai/Vellore.pdf
[2023-10-26 10:18:17] info: Uploaded File URL: https://stgvetrikkodi.blob.core.windows.net/vetrikkodi/HindutamilTesting/26-10-2023/SupplementaryOne/Chennai.pdf
[2023-10-26 10:18:17] info: Uploaded File URL: https://stgvetrikkodi.blob.core.windows.net/vetrikkodi/HindutamilTesting/26-10-2023/SupplementaryOne/Coimbatore.pdf
[2023-10-26 10:18:17] info: Uploaded File URL: https://stgvetrikkodi.blob.core.windows.net/vetrikkodi/HindutamilTesting/26-10-2023/SupplementaryOne/Dharmapuri.pdf
[2023-10-26 10:18:17] info: Uploaded File URL: https://stgvetrikkodi.blob.core.windows.net/vetrikkodi/HindutamilTesting/26-10-2023/SupplementaryOne/Madurai.pdf
[2023-10-26 10:18:17] info: Uploaded File URL: https://stgvetrikkodi.blob.core.windows.net/vetrikkodi/HindutamilTesting/26-10-2023/SupplementaryOne/Thiruvananthapuram.pdf
[2023-10-26 10:18:17] info: Uploaded File URL: https://stgvetrikkodi.blob.core.windows.net/vetrikkodi/HindutamilTesting/26-10-2023/SupplementaryOne/Tiruchirapalli.pdf
[2023-10-26 10:18:17] info: Uploaded File URL: https://stgvetrikkodi.blob.core.windows.net/vetrikkodi/HindutamilTesting/26-10-2023/SupplementaryOne/Vellore.pdf
