[2023-10-18 10:35:55] info: Directory created: D:\website_dev\Hindu_epaper\server\Hindu_Tamil\18-10-2023\HinduTamilThisai
[2023-10-18 10:35:55] info: PDF is less than 97MB, compressing using Adobe: Chennai.pdf
[2023-10-18 10:41:31] info: Compressed PDF saved at: D:\website_dev\Hindu_epaper\server\Hindu_Tamil\18-10-2023\HinduTamilThisai/Chennai.pdf
[2023-10-18 10:41:31] info: -----------------------------------------------------
[2023-10-18 10:41:31] info: PDF is less than 97MB, compressing using Adobe: Coimbatore.pdf
[2023-10-18 10:48:52] info: Compressed PDF saved at: D:\website_dev\Hindu_epaper\server\Hindu_Tamil\18-10-2023\HinduTamilThisai/Coimbatore.pdf
[2023-10-18 10:48:52] info: -----------------------------------------------------
[2023-10-18 10:48:52] info: PDF is less than 97MB, compressing using Adobe: Dharmapuri.pdf
[2023-10-18 11:00:22] info: Compressed PDF saved at: D:\website_dev\Hindu_epaper\server\Hindu_Tamil\18-10-2023\HinduTamilThisai/Dharmapuri.pdf
[2023-10-18 11:00:22] info: -----------------------------------------------------
[2023-10-18 11:00:22] info: PDF is less than 97MB, compressing using Adobe: Kancheepuram.pdf
[2023-10-18 11:08:22] info: Compressed PDF saved at: D:\website_dev\Hindu_epaper\server\Hindu_Tamil\18-10-2023\HinduTamilThisai/Kancheepuram.pdf
[2023-10-18 11:08:22] info: -----------------------------------------------------
[2023-10-18 11:08:22] info: PDF is less than 97MB, compressing using Adobe: Madurai.pdf
[2023-10-18 11:21:45] error: Exception encountered while compressing D:\Exact_files\2023\October\18-10-2023\TAMILTH\Combined/Madurai.pdf: request timed out, 800 seconds expired
[2023-10-18 11:21:45] info: PDF is less than 97MB, compressing using Adobe: Puducherry.pdf
[2023-10-18 11:35:09] error: Exception encountered while compressing D:\Exact_files\2023\October\18-10-2023\TAMILTH\Combined/Puducherry.pdf: request timed out, 800 seconds expired
[2023-10-18 11:35:09] info: PDF is less than 97MB, compressing using Adobe: Ramnad.pdf
[2023-10-18 11:48:32] error: Exception encountered while compressing D:\Exact_files\2023\October\18-10-2023\TAMILTH\Combined/Ramnad.pdf: request timed out, 800 seconds expired
[2023-10-18 11:48:32] info: PDF is less than 97MB, compressing using Adobe: Salem.pdf
[2023-10-18 11:50:21] info: Directory already exists: D:\website_dev\Hindu_epaper\server\Hindu_Tamil\18-10-2023\HinduTamilThisai
[2023-10-18 11:50:21] info: PDF is less than 97MB, compressing using Adobe: Puducherry.pdf
[2023-10-18 12:03:44] error: Exception encountered while compressing D:\Exact_files\2023\October\18-10-2023\TAMILTH\Combined/Puducherry.pdf: request timed out, 800 seconds expired
[2023-10-18 12:03:44] info: PDF is less than 97MB, compressing using Adobe: Ramnad.pdf
