[2023-10-06 10:35:41] info: Directory created: D:\website_dev\Hindu_epaper\server\Hindu_Tamil\06-10-2023\HinduTamilThisai
[2023-10-06 10:35:41] info: PDF is greater than 97MB, compressing using ILovePDF: Chennai.pdf
[2023-10-06 10:35:47] info: Task started in ILovePDF
[2023-10-06 10:36:00] info: Task file added in ILovePDF
[2023-10-06 10:36:37] info: file compressed
[2023-10-06 10:36:40] info: compressed and saved as D:\website_dev\Hindu_epaper\server\Hindu_Tamil\06-10-2023\HinduTamilThisai/Chennai.pdf
[2023-10-06 10:36:40] info: -----------------------------------------------------
[2023-10-06 10:36:40] info: PDF is less than 97MB, compressing using Adobe: Coimbatore.pdf
[2023-10-06 10:39:28] info: Compressed PDF saved at: D:\website_dev\Hindu_epaper\server\Hindu_Tamil\06-10-2023\HinduTamilThisai/Coimbatore.pdf
[2023-10-06 10:39:28] info: -----------------------------------------------------
[2023-10-06 10:39:28] info: PDF is less than 97MB, compressing using Adobe: Dharmapuri.pdf
[2023-10-06 10:41:18] info: Compressed PDF saved at: D:\website_dev\Hindu_epaper\server\Hindu_Tamil\06-10-2023\HinduTamilThisai/Dharmapuri.pdf
[2023-10-06 10:41:18] info: -----------------------------------------------------
[2023-10-06 10:41:18] info: PDF is greater than 97MB, compressing using ILovePDF: Kancheepuram.pdf
[2023-10-06 10:41:21] info: Task started in ILovePDF
[2023-10-06 10:41:44] info: Task file added in ILovePDF
[2023-10-06 10:42:27] info: file compressed
[2023-10-06 10:42:30] info: compressed and saved as D:\website_dev\Hindu_epaper\server\Hindu_Tamil\06-10-2023\HinduTamilThisai/Kancheepuram.pdf
[2023-10-06 10:42:30] info: -----------------------------------------------------
[2023-10-06 10:42:30] info: PDF is greater than 97MB, compressing using ILovePDF: Madurai.pdf
[2023-10-06 10:42:32] info: Task started in ILovePDF
[2023-10-06 10:42:54] info: Task file added in ILovePDF
[2023-10-06 10:43:26] info: file compressed
[2023-10-06 10:43:29] info: compressed and saved as D:\website_dev\Hindu_epaper\server\Hindu_Tamil\06-10-2023\HinduTamilThisai/Madurai.pdf
[2023-10-06 10:43:29] info: -----------------------------------------------------
[2023-10-06 10:43:29] info: PDF is less than 97MB, compressing using Adobe: Puducherry.pdf
[2023-10-06 10:45:43] info: Compressed PDF saved at: D:\website_dev\Hindu_epaper\server\Hindu_Tamil\06-10-2023\HinduTamilThisai/Puducherry.pdf
[2023-10-06 10:45:43] info: -----------------------------------------------------
[2023-10-06 10:45:43] info: PDF is greater than 97MB, compressing using ILovePDF: Ramnad.pdf
[2023-10-06 10:45:45] info: Task started in ILovePDF
[2023-10-06 10:46:25] info: Task file added in ILovePDF
[2023-10-06 10:47:04] info: file compressed
[2023-10-06 10:47:05] info: compressed and saved as D:\website_dev\Hindu_epaper\server\Hindu_Tamil\06-10-2023\HinduTamilThisai/Ramnad.pdf
[2023-10-06 10:47:05] info: -----------------------------------------------------
[2023-10-06 10:47:05] info: PDF is less than 97MB, compressing using Adobe: Salem.pdf
[2023-10-06 10:48:55] info: Compressed PDF saved at: D:\website_dev\Hindu_epaper\server\Hindu_Tamil\06-10-2023\HinduTamilThisai/Salem.pdf
[2023-10-06 10:48:55] info: -----------------------------------------------------
[2023-10-06 10:48:55] info: PDF is less than 97MB, compressing using Adobe: Tanjavur.pdf
[2023-10-06 10:51:05] info: Compressed PDF saved at: D:\website_dev\Hindu_epaper\server\Hindu_Tamil\06-10-2023\HinduTamilThisai/Tanjavur.pdf
[2023-10-06 10:51:05] info: -----------------------------------------------------
[2023-10-06 10:51:05] info: PDF is less than 97MB, compressing using Adobe: Thiruvananthapuram.pdf
[2023-10-06 10:52:59] info: Compressed PDF saved at: D:\website_dev\Hindu_epaper\server\Hindu_Tamil\06-10-2023\HinduTamilThisai/Thiruvananthapuram.pdf
[2023-10-06 10:52:59] info: -----------------------------------------------------
[2023-10-06 10:52:59] info: PDF is less than 97MB, compressing using Adobe: Tiruchirapalli.pdf
[2023-10-06 10:55:06] info: Compressed PDF saved at: D:\website_dev\Hindu_epaper\server\Hindu_Tamil\06-10-2023\HinduTamilThisai/Tiruchirapalli.pdf
[2023-10-06 10:55:06] info: -----------------------------------------------------
[2023-10-06 10:55:06] info: PDF is less than 97MB, compressing using Adobe: Tirunelveli.pdf
[2023-10-06 10:56:31] info: Compressed PDF saved at: D:\website_dev\Hindu_epaper\server\Hindu_Tamil\06-10-2023\HinduTamilThisai/Tirunelveli.pdf
[2023-10-06 10:56:31] info: -----------------------------------------------------
[2023-10-06 10:56:31] info: PDF is less than 97MB, compressing using Adobe: Tirupur.pdf
[2023-10-06 10:58:03] info: Compressed PDF saved at: D:\website_dev\Hindu_epaper\server\Hindu_Tamil\06-10-2023\HinduTamilThisai/Tirupur.pdf
[2023-10-06 10:58:03] info: -----------------------------------------------------
[2023-10-06 10:58:03] info: PDF is greater than 97MB, compressing using ILovePDF: Vellore.pdf
[2023-10-06 10:58:05] info: Task started in ILovePDF
[2023-10-06 10:58:18] info: Task file added in ILovePDF
[2023-10-06 10:59:18] info: file compressed
[2023-10-06 10:59:18] info: compressed and saved as D:\website_dev\Hindu_epaper\server\Hindu_Tamil\06-10-2023\HinduTamilThisai/Vellore.pdf
[2023-10-06 10:59:18] info: -----------------------------------------------------
[2023-10-06 10:59:18] info: All files in D:\Exact_files\2023\October\06-10-2023\TAMILTH\Combined compressed and saved successfully to D:\website_dev\Hindu_epaper\server\Hindu_Tamil\06-10-2023\HinduTamilThisai
[2023-10-06 10:59:18] info: Input directory does not exist: D:\Exact_files\2023\October\06-10-2023\TAMTHAF_Combined
[2023-10-06 10:59:18] info: Input directory does not exist: D:\Exact_files\2023\October\06-10-2023\TAMTHEF_Combined
[2023-10-06 10:59:18] info: Input directory does not exist: D:\Exact_files\2023\October\06-10-2023\TAMTHEdition_combined
[2023-10-06 10:59:18] info: All folders processed successfully.
[2023-10-06 10:59:24] info: Uploaded Chennai.pdf to HinduTamilThisai in Azure Blob Storage.
[2023-10-06 10:59:28] info: Uploaded Coimbatore.pdf to HinduTamilThisai in Azure Blob Storage.
[2023-10-06 10:59:33] info: Uploaded Dharmapuri.pdf to HinduTamilThisai in Azure Blob Storage.
[2023-10-06 10:59:41] info: Uploaded Kancheepuram.pdf to HinduTamilThisai in Azure Blob Storage.
[2023-10-06 10:59:48] info: Uploaded Madurai.pdf to HinduTamilThisai in Azure Blob Storage.
[2023-10-06 10:59:56] info: Uploaded Puducherry.pdf to HinduTamilThisai in Azure Blob Storage.
[2023-10-06 11:00:05] info: Uploaded Ramnad.pdf to HinduTamilThisai in Azure Blob Storage.
[2023-10-06 11:00:12] info: Uploaded Salem.pdf to HinduTamilThisai in Azure Blob Storage.
[2023-10-06 11:00:18] info: Uploaded Tanjavur.pdf to HinduTamilThisai in Azure Blob Storage.
[2023-10-06 11:00:24] info: Uploaded Thiruvananthapuram.pdf to HinduTamilThisai in Azure Blob Storage.
[2023-10-06 11:00:32] info: Uploaded Tiruchirapalli.pdf to HinduTamilThisai in Azure Blob Storage.
[2023-10-06 11:00:40] info: Uploaded Tirunelveli.pdf to HinduTamilThisai in Azure Blob Storage.
[2023-10-06 11:00:47] info: Uploaded Tirupur.pdf to HinduTamilThisai in Azure Blob Storage.
[2023-10-06 11:00:55] info: Uploaded Vellore.pdf to HinduTamilThisai in Azure Blob Storage.
[2023-10-06 11:00:55] info: Output directory does not exist: D:\website_dev\Hindu_epaper\server\Hindu_Tamil\06-10-2023\Supplementary
[2023-10-06 11:00:55] info: Output directory does not exist: D:\website_dev\Hindu_epaper\server\Hindu_Tamil\06-10-2023\SupplementaryOne
[2023-10-06 11:00:55] info: Output directory does not exist: D:\website_dev\Hindu_epaper\server\Hindu_Tamil\06-10-2023\NewEdition
[2023-10-06 11:00:55] info: All PDFs uploaded to Azure Blob Storage.
[2023-10-06 11:00:55] info: Uploaded File URL: https://stgvetrikkodi.blob.core.windows.net/vetrikkodi/HindutamilTesting/06-10-2023/HinduTamilThisai/Chennai.pdf
[2023-10-06 11:00:55] info: Uploaded File URL: https://stgvetrikkodi.blob.core.windows.net/vetrikkodi/HindutamilTesting/06-10-2023/HinduTamilThisai/Coimbatore.pdf
[2023-10-06 11:00:55] info: Uploaded File URL: https://stgvetrikkodi.blob.core.windows.net/vetrikkodi/HindutamilTesting/06-10-2023/HinduTamilThisai/Dharmapuri.pdf
[2023-10-06 11:00:55] info: Uploaded File URL: https://stgvetrikkodi.blob.core.windows.net/vetrikkodi/HindutamilTesting/06-10-2023/HinduTamilThisai/Kancheepuram.pdf
[2023-10-06 11:00:55] info: Uploaded File URL: https://stgvetrikkodi.blob.core.windows.net/vetrikkodi/HindutamilTesting/06-10-2023/HinduTamilThisai/Madurai.pdf
[2023-10-06 11:00:55] info: Uploaded File URL: https://stgvetrikkodi.blob.core.windows.net/vetrikkodi/HindutamilTesting/06-10-2023/HinduTamilThisai/Puducherry.pdf
[2023-10-06 11:00:55] info: Uploaded File URL: https://stgvetrikkodi.blob.core.windows.net/vetrikkodi/HindutamilTesting/06-10-2023/HinduTamilThisai/Ramnad.pdf
[2023-10-06 11:00:55] info: Uploaded File URL: https://stgvetrikkodi.blob.core.windows.net/vetrikkodi/HindutamilTesting/06-10-2023/HinduTamilThisai/Salem.pdf
[2023-10-06 11:00:55] info: Uploaded File URL: https://stgvetrikkodi.blob.core.windows.net/vetrikkodi/HindutamilTesting/06-10-2023/HinduTamilThisai/Tanjavur.pdf
[2023-10-06 11:00:55] info: Uploaded File URL: https://stgvetrikkodi.blob.core.windows.net/vetrikkodi/HindutamilTesting/06-10-2023/HinduTamilThisai/Thiruvananthapuram.pdf
[2023-10-06 11:00:55] info: Uploaded File URL: https://stgvetrikkodi.blob.core.windows.net/vetrikkodi/HindutamilTesting/06-10-2023/HinduTamilThisai/Tiruchirapalli.pdf
[2023-10-06 11:00:55] info: Uploaded File URL: https://stgvetrikkodi.blob.core.windows.net/vetrikkodi/HindutamilTesting/06-10-2023/HinduTamilThisai/Tirunelveli.pdf
[2023-10-06 11:00:55] info: Uploaded File URL: https://stgvetrikkodi.blob.core.windows.net/vetrikkodi/HindutamilTesting/06-10-2023/HinduTamilThisai/Tirupur.pdf
[2023-10-06 11:00:55] info: Uploaded File URL: https://stgvetrikkodi.blob.core.windows.net/vetrikkodi/HindutamilTesting/06-10-2023/HinduTamilThisai/Vellore.pdf
