[2023-11-14 11:35:00] info: Directory created: D:\website_dev\Hindu_epaper\server\Hindu_Tamil\14-11-2023\HinduTamilThisai
[2023-11-14 11:35:00] info: PDF is less than 97MB, compressing using Adobe: Chennai.pdf
[2023-11-14 11:35:48] error: Exception encountered while compressing D:\Exact_files\2023\November\14-11-2023\TAMILTH\Combined/Chennai.pdf: Unexpected error encountered while executing request Error: FC2E0000:error:0A000119:SSL routines:ssl3_get_record:decryption failed or bad record mac:c:\ws\deps\openssl\openssl\ssl\record\ssl3_record.c:614:

[2023-11-14 11:35:48] info: PDF is less than 97MB, compressing using Adobe: Coimbatore.pdf
[2023-11-14 11:37:04] info: Compressed PDF saved at: D:\website_dev\Hindu_epaper\server\Hindu_Tamil\14-11-2023\HinduTamilThisai/Coimbatore.pdf
[2023-11-14 11:37:04] info: -----------------------------------------------------
[2023-11-14 11:37:04] info: PDF is less than 97MB, compressing using Adobe: Dharmapuri.pdf
[2023-11-14 11:39:17] info: Compressed PDF saved at: D:\website_dev\Hindu_epaper\server\Hindu_Tamil\14-11-2023\HinduTamilThisai/Dharmapuri.pdf
[2023-11-14 11:39:17] info: -----------------------------------------------------
[2023-11-14 11:39:17] info: PDF is less than 97MB, compressing using Adobe: Kancheepuram.pdf
[2023-11-14 11:40:34] info: Compressed PDF saved at: D:\website_dev\Hindu_epaper\server\Hindu_Tamil\14-11-2023\HinduTamilThisai/Kancheepuram.pdf
[2023-11-14 11:40:34] info: -----------------------------------------------------
[2023-11-14 11:40:34] info: PDF is less than 97MB, compressing using Adobe: Madurai.pdf
[2023-11-14 11:41:58] info: Compressed PDF saved at: D:\website_dev\Hindu_epaper\server\Hindu_Tamil\14-11-2023\HinduTamilThisai/Madurai.pdf
[2023-11-14 11:41:58] info: -----------------------------------------------------
[2023-11-14 11:41:58] info: PDF is less than 97MB, compressing using Adobe: Puducherry.pdf
[2023-11-14 11:43:07] info: Compressed PDF saved at: D:\website_dev\Hindu_epaper\server\Hindu_Tamil\14-11-2023\HinduTamilThisai/Puducherry.pdf
[2023-11-14 11:43:07] info: -----------------------------------------------------
[2023-11-14 11:43:07] info: PDF is less than 97MB, compressing using Adobe: Ramnad.pdf
[2023-11-14 11:44:24] info: Compressed PDF saved at: D:\website_dev\Hindu_epaper\server\Hindu_Tamil\14-11-2023\HinduTamilThisai/Ramnad.pdf
[2023-11-14 11:44:24] info: -----------------------------------------------------
[2023-11-14 11:44:24] info: PDF is less than 97MB, compressing using Adobe: Salem.pdf
[2023-11-14 11:45:38] info: Compressed PDF saved at: D:\website_dev\Hindu_epaper\server\Hindu_Tamil\14-11-2023\HinduTamilThisai/Salem.pdf
[2023-11-14 11:45:38] info: -----------------------------------------------------
[2023-11-14 11:45:38] info: PDF is less than 97MB, compressing using Adobe: Tanjavur.pdf
[2023-11-14 11:46:45] info: Compressed PDF saved at: D:\website_dev\Hindu_epaper\server\Hindu_Tamil\14-11-2023\HinduTamilThisai/Tanjavur.pdf
[2023-11-14 11:46:45] info: -----------------------------------------------------
[2023-11-14 11:46:45] info: PDF is less than 97MB, compressing using Adobe: Thiruvananthapuram.pdf
[2023-11-14 11:47:52] info: Compressed PDF saved at: D:\website_dev\Hindu_epaper\server\Hindu_Tamil\14-11-2023\HinduTamilThisai/Thiruvananthapuram.pdf
[2023-11-14 11:47:52] info: -----------------------------------------------------
[2023-11-14 11:47:52] info: PDF is less than 97MB, compressing using Adobe: Tiruchirapalli.pdf
[2023-11-14 11:48:58] info: Compressed PDF saved at: D:\website_dev\Hindu_epaper\server\Hindu_Tamil\14-11-2023\HinduTamilThisai/Tiruchirapalli.pdf
[2023-11-14 11:48:58] info: -----------------------------------------------------
[2023-11-14 11:48:58] info: PDF is less than 97MB, compressing using Adobe: Tirunelveli.pdf
[2023-11-14 11:50:08] info: Compressed PDF saved at: D:\website_dev\Hindu_epaper\server\Hindu_Tamil\14-11-2023\HinduTamilThisai/Tirunelveli.pdf
[2023-11-14 11:50:08] info: -----------------------------------------------------
[2023-11-14 11:50:08] info: PDF is less than 97MB, compressing using Adobe: Tirupur.pdf
[2023-11-14 11:51:14] info: Compressed PDF saved at: D:\website_dev\Hindu_epaper\server\Hindu_Tamil\14-11-2023\HinduTamilThisai/Tirupur.pdf
[2023-11-14 11:51:14] info: -----------------------------------------------------
[2023-11-14 11:51:14] info: PDF is less than 97MB, compressing using Adobe: Vellore.pdf
[2023-11-14 11:52:24] info: Compressed PDF saved at: D:\website_dev\Hindu_epaper\server\Hindu_Tamil\14-11-2023\HinduTamilThisai/Vellore.pdf
[2023-11-14 11:52:24] info: -----------------------------------------------------
[2023-11-14 11:52:24] info: All files in D:\Exact_files\2023\November\14-11-2023\TAMILTH\Combined compressed and saved successfully to D:\website_dev\Hindu_epaper\server\Hindu_Tamil\14-11-2023\HinduTamilThisai
[2023-11-14 11:52:24] info: Input directory does not exist: D:\Exact_files\2023\November\14-11-2023\TAMTHAF_Combined
[2023-11-14 11:52:24] info: Input directory does not exist: D:\Exact_files\2023\November\14-11-2023\TAMTHEF_Combined
[2023-11-14 11:52:24] info: Input directory does not exist: D:\Exact_files\2023\November\14-11-2023\TAMTHEdition_combined
[2023-11-14 11:52:24] info: All folders processed successfully.
[2023-11-14 11:52:26] info: Uploaded Coimbatore.pdf to HinduTamilThisai in Azure Blob Storage.
[2023-11-14 11:52:28] info: Uploaded Dharmapuri.pdf to HinduTamilThisai in Azure Blob Storage.
[2023-11-14 11:52:30] info: Uploaded Kancheepuram.pdf to HinduTamilThisai in Azure Blob Storage.
[2023-11-14 11:52:32] info: Uploaded Madurai.pdf to HinduTamilThisai in Azure Blob Storage.
[2023-11-14 11:52:34] info: Uploaded Puducherry.pdf to HinduTamilThisai in Azure Blob Storage.
[2023-11-14 11:52:35] info: Uploaded Ramnad.pdf to HinduTamilThisai in Azure Blob Storage.
[2023-11-14 11:52:38] info: Uploaded Salem.pdf to HinduTamilThisai in Azure Blob Storage.
[2023-11-14 11:52:41] info: Uploaded Tanjavur.pdf to HinduTamilThisai in Azure Blob Storage.
[2023-11-14 11:52:45] info: Uploaded Thiruvananthapuram.pdf to HinduTamilThisai in Azure Blob Storage.
[2023-11-14 11:52:48] info: Uploaded Tiruchirapalli.pdf to HinduTamilThisai in Azure Blob Storage.
[2023-11-14 11:52:50] info: Uploaded Tirunelveli.pdf to HinduTamilThisai in Azure Blob Storage.
[2023-11-14 11:52:53] info: Uploaded Tirupur.pdf to HinduTamilThisai in Azure Blob Storage.
[2023-11-14 11:52:55] info: Uploaded Vellore.pdf to HinduTamilThisai in Azure Blob Storage.
[2023-11-14 11:52:55] info: Output directory does not exist: D:\website_dev\Hindu_epaper\server\Hindu_Tamil\14-11-2023\Supplementary
[2023-11-14 11:52:55] info: Output directory does not exist: D:\website_dev\Hindu_epaper\server\Hindu_Tamil\14-11-2023\SupplementaryOne
[2023-11-14 11:52:55] info: Output directory does not exist: D:\website_dev\Hindu_epaper\server\Hindu_Tamil\14-11-2023\NewEdition
[2023-11-14 11:52:55] info: All PDFs uploaded to Azure Blob Storage.
[2023-11-14 11:52:55] info: Uploaded File URL: https://stgvetrikkodi.blob.core.windows.net/vetrikkodi/HindutamilTesting/14-11-2023/HinduTamilThisai/Coimbatore.pdf
[2023-11-14 11:52:55] info: Uploaded File URL: https://stgvetrikkodi.blob.core.windows.net/vetrikkodi/HindutamilTesting/14-11-2023/HinduTamilThisai/Dharmapuri.pdf
[2023-11-14 11:52:55] info: Uploaded File URL: https://stgvetrikkodi.blob.core.windows.net/vetrikkodi/HindutamilTesting/14-11-2023/HinduTamilThisai/Kancheepuram.pdf
[2023-11-14 11:52:55] info: Uploaded File URL: https://stgvetrikkodi.blob.core.windows.net/vetrikkodi/HindutamilTesting/14-11-2023/HinduTamilThisai/Madurai.pdf
[2023-11-14 11:52:55] info: Uploaded File URL: https://stgvetrikkodi.blob.core.windows.net/vetrikkodi/HindutamilTesting/14-11-2023/HinduTamilThisai/Puducherry.pdf
[2023-11-14 11:52:55] info: Uploaded File URL: https://stgvetrikkodi.blob.core.windows.net/vetrikkodi/HindutamilTesting/14-11-2023/HinduTamilThisai/Ramnad.pdf
[2023-11-14 11:52:55] info: Uploaded File URL: https://stgvetrikkodi.blob.core.windows.net/vetrikkodi/HindutamilTesting/14-11-2023/HinduTamilThisai/Salem.pdf
[2023-11-14 11:52:55] info: Uploaded File URL: https://stgvetrikkodi.blob.core.windows.net/vetrikkodi/HindutamilTesting/14-11-2023/HinduTamilThisai/Tanjavur.pdf
[2023-11-14 11:52:55] info: Uploaded File URL: https://stgvetrikkodi.blob.core.windows.net/vetrikkodi/HindutamilTesting/14-11-2023/HinduTamilThisai/Thiruvananthapuram.pdf
[2023-11-14 11:52:55] info: Uploaded File URL: https://stgvetrikkodi.blob.core.windows.net/vetrikkodi/HindutamilTesting/14-11-2023/HinduTamilThisai/Tiruchirapalli.pdf
[2023-11-14 11:52:55] info: Uploaded File URL: https://stgvetrikkodi.blob.core.windows.net/vetrikkodi/HindutamilTesting/14-11-2023/HinduTamilThisai/Tirunelveli.pdf
[2023-11-14 11:52:55] info: Uploaded File URL: https://stgvetrikkodi.blob.core.windows.net/vetrikkodi/HindutamilTesting/14-11-2023/HinduTamilThisai/Tirupur.pdf
[2023-11-14 11:52:55] info: Uploaded File URL: https://stgvetrikkodi.blob.core.windows.net/vetrikkodi/HindutamilTesting/14-11-2023/HinduTamilThisai/Vellore.pdf
[2023-11-14 12:07:00] info: Directory already exists: D:\website_dev\Hindu_epaper\server\Hindu_Tamil\14-11-2023\HinduTamilThisai
[2023-11-14 12:07:00] info: PDF is less than 97MB, compressing using Adobe: Chennai.pdf
[2023-11-14 12:07:49] error: Exception encountered while compressing D:\Exact_files\2023\November\14-11-2023\TAMILTH\Combined/Chennai.pdf: The destination file exists: D:\website_dev\Hindu_epaper\server\Hindu_Tamil\14-11-2023\HinduTamilThisai\Chennai.pdf
[2023-11-14 12:07:49] info: All files in D:\Exact_files\2023\November\14-11-2023\TAMILTH\Combined compressed and saved successfully to D:\website_dev\Hindu_epaper\server\Hindu_Tamil\14-11-2023\HinduTamilThisai
[2023-11-14 12:07:49] info: Input directory does not exist: D:\Exact_files\2023\November\14-11-2023\TAMTHAF_Combined
[2023-11-14 12:07:49] info: Input directory does not exist: D:\Exact_files\2023\November\14-11-2023\TAMTHEF_Combined
[2023-11-14 12:07:49] info: Input directory does not exist: D:\Exact_files\2023\November\14-11-2023\TAMTHEdition_combined
[2023-11-14 12:07:49] info: All folders processed successfully.
[2023-11-14 12:07:50] info: Uploaded Chennai.pdf to HinduTamilThisai in Azure Blob Storage.
[2023-11-14 12:07:52] info: Uploaded Coimbatore.pdf to HinduTamilThisai in Azure Blob Storage.
[2023-11-14 12:07:53] info: Uploaded Dharmapuri.pdf to HinduTamilThisai in Azure Blob Storage.
[2023-11-14 12:07:55] info: Uploaded Kancheepuram.pdf to HinduTamilThisai in Azure Blob Storage.
[2023-11-14 12:07:57] info: Uploaded Madurai.pdf to HinduTamilThisai in Azure Blob Storage.
[2023-11-14 12:07:59] info: Uploaded Puducherry.pdf to HinduTamilThisai in Azure Blob Storage.
[2023-11-14 12:08:01] info: Uploaded Ramnad.pdf to HinduTamilThisai in Azure Blob Storage.
[2023-11-14 14:21:50] info: Uploaded Chennai.pdf to HinduTamilThisai in Azure Blob Storage.
[2023-11-14 14:21:53] info: Uploaded Coimbatore.pdf to HinduTamilThisai in Azure Blob Storage.
[2023-11-14 14:21:55] info: Uploaded Dharmapuri.pdf to HinduTamilThisai in Azure Blob Storage.
[2023-11-14 14:21:59] info: Uploaded Kancheepuram.pdf to HinduTamilThisai in Azure Blob Storage.
[2023-11-14 14:22:03] info: Uploaded Madurai.pdf to HinduTamilThisai in Azure Blob Storage.
[2023-11-14 14:22:06] info: Uploaded Puducherry.pdf to HinduTamilThisai in Azure Blob Storage.
[2023-11-14 14:22:09] info: Uploaded Ramnad.pdf to HinduTamilThisai in Azure Blob Storage.
[2023-11-14 14:22:12] info: Uploaded Salem.pdf to HinduTamilThisai in Azure Blob Storage.
[2023-11-14 14:22:15] info: Uploaded Tanjavur.pdf to HinduTamilThisai in Azure Blob Storage.
[2023-11-14 14:22:20] info: Uploaded Thiruvananthapuram.pdf to HinduTamilThisai in Azure Blob Storage.
[2023-11-14 14:22:24] info: Uploaded Tiruchirapalli.pdf to HinduTamilThisai in Azure Blob Storage.
[2023-11-14 14:22:29] info: Uploaded Tirunelveli.pdf to HinduTamilThisai in Azure Blob Storage.
[2023-11-14 14:22:33] info: Uploaded Tirupur.pdf to HinduTamilThisai in Azure Blob Storage.
[2023-11-14 14:22:33] info: Output directory does not exist: D:\website_dev\Hindu_epaper\server\Hindu_Tamil\04-11-2023\Supplementary
[2023-11-14 14:22:33] info: Output directory does not exist: D:\website_dev\Hindu_epaper\server\Hindu_Tamil\04-11-2023\SupplementaryOne
[2023-11-14 14:22:33] info: Output directory does not exist: D:\website_dev\Hindu_epaper\server\Hindu_Tamil\04-11-2023\NewEdition
[2023-11-14 14:22:33] info: All PDFs uploaded to Azure Blob Storage.
[2023-11-14 14:22:33] info: Uploaded File URL: https://stgvetrikkodi.blob.core.windows.net/vetrikkodi/HindutamilTesting/04-11-2023/HinduTamilThisai/Chennai.pdf
[2023-11-14 14:22:33] info: Uploaded File URL: https://stgvetrikkodi.blob.core.windows.net/vetrikkodi/HindutamilTesting/04-11-2023/HinduTamilThisai/Coimbatore.pdf
[2023-11-14 14:22:33] info: Uploaded File URL: https://stgvetrikkodi.blob.core.windows.net/vetrikkodi/HindutamilTesting/04-11-2023/HinduTamilThisai/Dharmapuri.pdf
[2023-11-14 14:22:33] info: Uploaded File URL: https://stgvetrikkodi.blob.core.windows.net/vetrikkodi/HindutamilTesting/04-11-2023/HinduTamilThisai/Kancheepuram.pdf
[2023-11-14 14:22:33] info: Uploaded File URL: https://stgvetrikkodi.blob.core.windows.net/vetrikkodi/HindutamilTesting/04-11-2023/HinduTamilThisai/Madurai.pdf
[2023-11-14 14:22:33] info: Uploaded File URL: https://stgvetrikkodi.blob.core.windows.net/vetrikkodi/HindutamilTesting/04-11-2023/HinduTamilThisai/Puducherry.pdf
[2023-11-14 14:22:33] info: Uploaded File URL: https://stgvetrikkodi.blob.core.windows.net/vetrikkodi/HindutamilTesting/04-11-2023/HinduTamilThisai/Ramnad.pdf
[2023-11-14 14:22:33] info: Uploaded File URL: https://stgvetrikkodi.blob.core.windows.net/vetrikkodi/HindutamilTesting/04-11-2023/HinduTamilThisai/Salem.pdf
[2023-11-14 14:22:33] info: Uploaded File URL: https://stgvetrikkodi.blob.core.windows.net/vetrikkodi/HindutamilTesting/04-11-2023/HinduTamilThisai/Tanjavur.pdf
[2023-11-14 14:22:33] info: Uploaded File URL: https://stgvetrikkodi.blob.core.windows.net/vetrikkodi/HindutamilTesting/04-11-2023/HinduTamilThisai/Thiruvananthapuram.pdf
[2023-11-14 14:22:33] info: Uploaded File URL: https://stgvetrikkodi.blob.core.windows.net/vetrikkodi/HindutamilTesting/04-11-2023/HinduTamilThisai/Tiruchirapalli.pdf
[2023-11-14 14:22:33] info: Uploaded File URL: https://stgvetrikkodi.blob.core.windows.net/vetrikkodi/HindutamilTesting/04-11-2023/HinduTamilThisai/Tirunelveli.pdf
[2023-11-14 14:22:33] info: Uploaded File URL: https://stgvetrikkodi.blob.core.windows.net/vetrikkodi/HindutamilTesting/04-11-2023/HinduTamilThisai/Tirupur.pdf
[2023-11-14 14:23:53] info: Uploaded Chennai.pdf to HinduTamilThisai in Azure Blob Storage.
[2023-11-14 14:23:55] info: Uploaded Coimbatore.pdf to HinduTamilThisai in Azure Blob Storage.
[2023-11-14 14:23:57] info: Uploaded Dharmapuri.pdf to HinduTamilThisai in Azure Blob Storage.
[2023-11-14 14:23:59] info: Uploaded Kancheepuram.pdf to HinduTamilThisai in Azure Blob Storage.
[2023-11-14 14:24:02] info: Uploaded Madurai.pdf to HinduTamilThisai in Azure Blob Storage.
[2023-11-14 14:24:04] info: Uploaded Puducherry.pdf to HinduTamilThisai in Azure Blob Storage.
[2023-11-14 14:24:06] info: Uploaded Ramnad.pdf to HinduTamilThisai in Azure Blob Storage.
[2023-11-14 14:24:08] info: Uploaded Salem.pdf to HinduTamilThisai in Azure Blob Storage.
[2023-11-14 14:24:10] info: Uploaded Tanjavur.pdf to HinduTamilThisai in Azure Blob Storage.
[2023-11-14 14:24:12] info: Uploaded Thiruvananthapuram.pdf to HinduTamilThisai in Azure Blob Storage.
[2023-11-14 14:24:15] info: Uploaded Tiruchirapalli.pdf to HinduTamilThisai in Azure Blob Storage.
[2023-11-14 14:24:17] info: Uploaded Tirunelveli.pdf to HinduTamilThisai in Azure Blob Storage.
[2023-11-14 14:24:20] info: Uploaded Tirupur.pdf to HinduTamilThisai in Azure Blob Storage.
[2023-11-14 14:24:23] info: Uploaded Vellore.pdf to HinduTamilThisai in Azure Blob Storage.
[2023-11-14 14:24:23] info: Output directory does not exist: D:\website_dev\Hindu_epaper\server\Hindu_Tamil\14-11-2023\Supplementary
[2023-11-14 14:24:23] info: Output directory does not exist: D:\website_dev\Hindu_epaper\server\Hindu_Tamil\14-11-2023\SupplementaryOne
[2023-11-14 14:24:23] info: Output directory does not exist: D:\website_dev\Hindu_epaper\server\Hindu_Tamil\14-11-2023\NewEdition
[2023-11-14 14:24:23] info: All PDFs uploaded to Azure Blob Storage.
[2023-11-14 14:24:23] info: Uploaded File URL: https://stgvetrikkodi.blob.core.windows.net/vetrikkodi/HindutamilTesting/14-11-2023/HinduTamilThisai/Chennai.pdf
[2023-11-14 14:24:23] info: Uploaded File URL: https://stgvetrikkodi.blob.core.windows.net/vetrikkodi/HindutamilTesting/14-11-2023/HinduTamilThisai/Coimbatore.pdf
[2023-11-14 14:24:23] info: Uploaded File URL: https://stgvetrikkodi.blob.core.windows.net/vetrikkodi/HindutamilTesting/14-11-2023/HinduTamilThisai/Dharmapuri.pdf
[2023-11-14 14:24:23] info: Uploaded File URL: https://stgvetrikkodi.blob.core.windows.net/vetrikkodi/HindutamilTesting/14-11-2023/HinduTamilThisai/Kancheepuram.pdf
[2023-11-14 14:24:23] info: Uploaded File URL: https://stgvetrikkodi.blob.core.windows.net/vetrikkodi/HindutamilTesting/14-11-2023/HinduTamilThisai/Madurai.pdf
[2023-11-14 14:24:23] info: Uploaded File URL: https://stgvetrikkodi.blob.core.windows.net/vetrikkodi/HindutamilTesting/14-11-2023/HinduTamilThisai/Puducherry.pdf
[2023-11-14 14:24:23] info: Uploaded File URL: https://stgvetrikkodi.blob.core.windows.net/vetrikkodi/HindutamilTesting/14-11-2023/HinduTamilThisai/Ramnad.pdf
[2023-11-14 14:24:23] info: Uploaded File URL: https://stgvetrikkodi.blob.core.windows.net/vetrikkodi/HindutamilTesting/14-11-2023/HinduTamilThisai/Salem.pdf
[2023-11-14 14:24:23] info: Uploaded File URL: https://stgvetrikkodi.blob.core.windows.net/vetrikkodi/HindutamilTesting/14-11-2023/HinduTamilThisai/Tanjavur.pdf
[2023-11-14 14:24:23] info: Uploaded File URL: https://stgvetrikkodi.blob.core.windows.net/vetrikkodi/HindutamilTesting/14-11-2023/HinduTamilThisai/Thiruvananthapuram.pdf
[2023-11-14 14:24:23] info: Uploaded File URL: https://stgvetrikkodi.blob.core.windows.net/vetrikkodi/HindutamilTesting/14-11-2023/HinduTamilThisai/Tiruchirapalli.pdf
[2023-11-14 14:24:23] info: Uploaded File URL: https://stgvetrikkodi.blob.core.windows.net/vetrikkodi/HindutamilTesting/14-11-2023/HinduTamilThisai/Tirunelveli.pdf
[2023-11-14 14:24:23] info: Uploaded File URL: https://stgvetrikkodi.blob.core.windows.net/vetrikkodi/HindutamilTesting/14-11-2023/HinduTamilThisai/Tirupur.pdf
[2023-11-14 14:24:23] info: Uploaded File URL: https://stgvetrikkodi.blob.core.windows.net/vetrikkodi/HindutamilTesting/14-11-2023/HinduTamilThisai/Vellore.pdf
